Wales

Northern Ireland

Scotland

England

Wales #1 loss=-0.9999388000975317
Wales #2 loss=-0.9999415357172035
Wales #3 loss=-0.9999818298362263
Wales #4
Wales #5
Wales #6 loss=-0.9999844170430604
Wales #7 loss=-0.9999975404721912
Wales #8
Wales #9
Wales #10
12.9 minutes in total for Wales

Northern Ireland #1 loss=-0.999863883128597
Northern Ireland #2
Northern Ireland #3
Northern Ireland #4 loss=-0.9999644166460756
Northern Ireland #5 loss=-0.999965645928523
Northern Ireland #6
Northern Ireland #7
Northern Ireland #8
Northern Ireland #9
Northern Ireland #10
13.0 minutes in total for Northern Ireland

Scotland #1 loss=-0.9995425105328732
Scotland #2
Scotland #3 loss=-0.9999109588821977
Scotland #4 loss=-0.9999202761846406
Scotland #5
Scotland #6
Scotland #7
Scotland #8
Scotland #9
Scotland #10 loss=-0.9999265423481762
13.5 minutes in total for Scotland

England #1 loss=-0.9999886881813322
England #2
England #3
England #4
England #5
England #6 loss=-0.9999923739845418
England #7
England #8
England #9
England #10
14.3 minutes in total for England

0.238 hours for all states
