tg

ka

dl

up

pb

hp

ar

ga

sk

tr

ml

ld

kl

py

hr

jk

rj

ap

la

wb

ut

or

mh

tn

mp

mz

br

an

ch

jh

mn

as

gj

ct

nl

dn_dd

wb initial #1 loss=-0.9999250167808753
wb initial #2
wb initial #3
wb initial #4
wb initial #5
wb initial #6
wb initial #7
wb initial #8
wb initial #9
wb initial #10
tg initial #1 loss=-0.999931357336756
tg initial #2
tg initial #3
tg initial #4 loss=-0.9999467588287065
tg initial #5
tg initial #6
tg initial #7
tg initial #8
tg initial #9
tg initial #10
hr initial #1 loss=-0.9995166556171956
hr initial #2 loss=-0.9995351163587415
hr initial #3 loss=-0.9998079913704261
hr initial #4
hr initial #5
hr initial #6
hr initial #7
hr initial #8
hr initial #9
hr initial #10
rj initial #1 loss=-0.9996572960626968
rj initial #2
rj initial #3 loss=-0.9997035120555189
rj initial #4 loss=-0.9997131134821732
rj initial #5 loss=-0.9997471223533474
rj initial #6
rj initial #7
rj initial #8 loss=-0.999795242141706
rj initial #9
rj initial #10
mp initial #1 loss=-0.9997680769071409
mp initial #2 loss=-0.9998613787903868
mp initial #3
mp initial #4
mp initial #5
mp initial #6
mp initial #7
mp initial #8
mp initial #9
mp initial #10 loss=-0.9998653907822221
up initial #1 loss=-0.9998577717810528
up initial #2
up initial #3
up initial #4
up initial #5
up initial #6
up initial #7 loss=-0.999873587744602
up initial #8
up initial #9
up initial #10
jk initial #1 loss=-0.9998330606015577
jk initial #2 loss=-0.9999111637294005
jk initial #3
jk initial #4 loss=-0.9999159575812052
jk initial #5 loss=-0.9999284393569059
jk initial #6
jk initial #7 loss=-0.9999347938041063
jk initial #8
jk initial #9
jk initial #10
jh initial #1 loss=-0.9997745698486522
jh initial #2
jh initial #3
jh initial #4 loss=-0.9998204997273349
jh initial #5
jh initial #6
jh initial #7
jh initial #8
jh initial #9
jh initial #10
ap initial #1 loss=-0.9999351608071282
ap initial #2 loss=-0.9999540871011672
ap initial #3 loss=-0.9999667502347184
ap initial #4
ap initial #5
ap initial #6
ap initial #7
ap initial #8
ap initial #9
ap initial #10
tn initial #1 loss=-0.9998888094835111
tn initial #2 loss=-0.9998996450394191
tn initial #3
tn initial #4
tn initial #5
tn initial #6
tn initial #7
tn initial #8
tn initial #9
tn initial #10
ct initial #1 loss=-0.9999039122013101
ct initial #2 loss=-0.9999134378591485
ct initial #3
ct initial #4
ct initial #5
ct initial #6 loss=-0.9999240184082807
ct initial #7
ct initial #8
ct initial #9
ct initial #10
or initial #1 loss=-0.9999678546878124
or initial #2
or initial #3
or initial #4
or initial #5
or initial #6
or initial #7
or initial #8
or initial #9
or initial #10
sk initial #1 loss=-0.9996467057721252
sk initial #2
sk initial #3 loss=-0.9996470029368657
sk initial #4
sk initial #5
sk initial #6
sk initial #7
sk initial #8
sk initial #9
sk initial #10 loss=-0.9996551895590214
ar initial #1 loss=-0.9995476042320979
ar initial #2
ar initial #3
ar initial #4
ar initial #5
ar initial #6 loss=-0.9995567745598565
ar initial #7 loss=-0.9995614437821356
ar initial #8
ar initial #9
ar initial #10
pb initial #1 loss=-0.9996871206535688
pb initial #2 loss=-0.9997138893926083
pb initial #3
pb initial #4
pb initial #5
pb initial #6 loss=-0.9997471705573746
pb initial #7
pb initial #8
pb initial #9
pb initial #10
gj initial #1 loss=-0.9998589199688994
gj initial #2
gj initial #3
gj initial #4
gj initial #5
gj initial #6
gj initial #7
gj initial #8
gj initial #9
gj initial #10
as initial #1 loss=-0.9999234114453242
as initial #2
as initial #3 loss=-0.9999289538199251
as initial #4 loss=-0.9999318765698209
as initial #5
as initial #6 loss=-0.9999337731051223
as initial #7
as initial #8 loss=-0.9999378146525213
as initial #9
as initial #10
an initial #1 loss=-0.9998456205367662
an initial #2 loss=-0.9998461262080112
an initial #3 loss=-0.9998486252103893
an initial #4
an initial #5
an initial #6
an initial #7
an initial #8
an initial #9
an initial #10 loss=-0.9998497866015682
ml initial #1 loss=-0.9993525329828461
ml initial #2
ml initial #3 loss=-0.9994327882872012
ml initial #4
ml initial #5
ml initial #6
ml initial #7
ml initial #8 loss=-0.9994433974282371
ml initial #9
ml initial #10
mn initial #1 loss=-0.999650582554394
mn initial #2 loss=-0.9997007504167876
mn initial #3 loss=-0.9997050036358456
mn initial #4
mn initial #5
mn initial #6
mn initial #7 loss=-0.9997100706251968
mn initial #8
mn initial #9
mn initial #10
mz initial #1 loss=-0.9993695375186931
mz initial #2
mz initial #3
mz initial #4 loss=-0.9993744765113203
mz initial #5 loss=-0.9994129847841329
mz initial #6
mz initial #7 loss=-0.999419570524158
mz initial #8 loss=-0.9994477606446224
mz initial #9
mz initial #10
nl initial #1 loss=-0.99983081756475
nl initial #2 loss=-0.9998317318813403
nl initial #3 loss=-0.9998608616537098
nl initial #4
nl initial #5
nl initial #6
nl initial #7
nl initial #8
nl initial #9
nl initial #10
ut initial #1 loss=-0.9997867561544102
ut initial #2 loss=-0.9997920743267825
ut initial #3
ut initial #4 loss=-0.9998131140125017
ut initial #5
ut initial #6
ut initial #7
ut initial #8
ut initial #9
ut initial #10
kl initial #1 loss=-0.9997921437738778
kl initial #2
kl initial #3
kl initial #4
kl initial #5
kl initial #6
kl initial #7
kl initial #8
kl initial #9
kl initial #10 loss=-0.9997972148890961
la initial #1 loss=-0.999694395530556
la initial #2
la initial #3
la initial #4
la initial #5
la initial #6 loss=-0.9997493678716641
la initial #7
la initial #8
la initial #9
la initial #10
ka initial #1 loss=-0.9999478357389193
ka initial #2
ka initial #3
ka initial #4
ka initial #5
ka initial #6
ka initial #7 loss=-0.9999839976711505
ka initial #8
ka initial #9
ka initial #10
dl initial #1 loss=-0.9998498620110988
dl initial #2 loss=-0.9998962151939738
dl initial #3 loss=-0.999909042587918
dl initial #4
dl initial #5
dl initial #6
dl initial #7
dl initial #8
dl initial #9
dl initial #10
mh initial #1 loss=-0.9999295512952158
mh initial #2
mh initial #3
mh initial #4
mh initial #5 loss=-0.9999385253600476
mh initial #6 loss=-0.9999473189214908
mh initial #7
mh initial #8 loss=-0.9999487083753282
mh initial #9 loss=-0.9999505878352168
mh initial #10 loss=-0.9999523505903752
br initial #1 loss=-0.9949970275856648
br initial #2 loss=-0.9950761690794289
br initial #3 loss=-0.9953033878527656
br initial #4
br initial #5
br initial #6
br initial #7
br initial #8
br initial #9
br initial #10
ga initial #1 loss=-0.9998578138456796
ga initial #2 loss=-0.999862750409529
ga initial #3
ga initial #4
ga initial #5 loss=-0.9998892685423468
ga initial #6
ga initial #7
ga initial #8 loss=-0.9998972969038552
ga initial #9
ga initial #10
hp initial #1 loss=-0.9994756991543513
hp initial #2 loss=-0.9995380444102485
hp initial #3 loss=-0.9995449156828675
hp initial #4
hp initial #5 loss=-0.9995779158167095
hp initial #6
hp initial #7
hp initial #8
hp initial #9
hp initial #10
ch initial #1 loss=-0.9995455354209002
ch initial #2
ch initial #3 loss=-0.999684604510687
ch initial #4
ch initial #5
ch initial #6
ch initial #7
ch initial #8
ch initial #9
ch initial #10
tr initial #1 loss=-0.9999325526863349
tr initial #2
tr initial #3 loss=-0.9999457258341884
tr initial #4
tr initial #5
tr initial #6
tr initial #7
tr initial #8
tr initial #9
tr initial #10
ld initial #1 loss=-0.9979466587770988
ld initial #2 loss=-0.9981779004005601
ld initial #3
ld initial #4
ld initial #5
ld initial #6
ld initial #7
ld initial #8
ld initial #9
ld initial #10
py initial #1 loss=-0.9998129891584305
py initial #2
py initial #3
py initial #4
py initial #5
py initial #6
py initial #7 loss=-0.9998366046122682
py initial #8
py initial #9 loss=-0.9998453454120441
py initial #10
dn_dd initial #1 loss=-0.9944672618132575
dn_dd initial #2
dn_dd initial #3 loss=-0.9944858172440497
dn_dd initial #4 loss=-0.9944893618193241
dn_dd initial #5 loss=-0.994502170369894
dn_dd initial #6
dn_dd initial #7
dn_dd initial #8
dn_dd initial #9 loss=-0.9945102677661662
dn_dd initial #10
wb reopen #1 loss=-0.998095541708327
wb reopen #2
wb reopen #3
wb reopen #4
wb reopen #5
wb reopen #6
wb reopen #7
wb reopen #8
wb reopen #9
wb reopen #10
428.9 minutes in total for wb

tg reopen #1 loss=-0.9999806388250447
tg reopen #2
tg reopen #3
tg reopen #4
tg reopen #5
tg reopen #6
tg reopen #7
tg reopen #8
tg reopen #9
tg reopen #10
440.5 minutes in total for tg

hr reopen #1 loss=-0.9994284049776395
hr reopen #2
hr reopen #3
hr reopen #4
hr reopen #5
hr reopen #6
hr reopen #7
hr reopen #8
hr reopen #9
hr reopen #10
445.7 minutes in total for hr

rj reopen #1 loss=-0.9992461577775171
rj reopen #2
rj reopen #3
rj reopen #4
rj reopen #5
rj reopen #6
rj reopen #7
rj reopen #8
rj reopen #9
rj reopen #10
448.2 minutes in total for rj

mp reopen #1 loss=-0.997530964732702
mp reopen #2
mp reopen #3
mp reopen #4
mp reopen #5
mp reopen #6
mp reopen #7
mp reopen #8
mp reopen #9
mp reopen #10
450.9 minutes in total for mp

up reopen #1 loss=-0.9996217218901977
up reopen #2
up reopen #3
up reopen #4
up reopen #5
up reopen #6
up reopen #7
up reopen #8
up reopen #9
up reopen #10
451.9 minutes in total for up

jk reopen #1 loss=-0.9995615694433548
jk reopen #2
jk reopen #3
jk reopen #4
jk reopen #5
jk reopen #6
jk reopen #7
jk reopen #8
jk reopen #9
jk reopen #10
455.6 minutes in total for jk

jh reopen #1 loss=-0.9997263940358427
jh reopen #2
jh reopen #3
jh reopen #4
jh reopen #5
jh reopen #6
jh reopen #7
jh reopen #8
jh reopen #9
jh reopen #10
456.2 minutes in total for jh

tn reopen #1 loss=-0.9866626412773065
tn reopen #2
tn reopen #3
tn reopen #4
tn reopen #5
tn reopen #6
tn reopen #7
tn reopen #8
tn reopen #9
tn reopen #10
462.0 minutes in total for tn

ap reopen #1 loss=-0.9999059534015873
ap reopen #2
ap reopen #3 loss=-0.9999059651917721
ap reopen #4
ap reopen #5 loss=-0.9999059691820562
ap reopen #6
ap reopen #7
ap reopen #8 loss=-0.9999059698269304
ap reopen #9 loss=-0.9999059701611422
ap reopen #10
459.3 minutes in total for ap

ct reopen #1 loss=-0.9999449272829293
ct reopen #2
ct reopen #3
ct reopen #4
ct reopen #5
ct reopen #6
ct reopen #7
ct reopen #8
ct reopen #9
ct reopen #10
463.9 minutes in total for ct

or reopen #1 loss=-0.9974778176450322
or reopen #2
or reopen #3
or reopen #4
or reopen #5
or reopen #6
or reopen #7
or reopen #8
or reopen #9
or reopen #10
464.3 minutes in total for or

sk reopen #1 loss=-0.9876944438355707
sk reopen #2
sk reopen #3
sk reopen #4
sk reopen #5
sk reopen #6
sk reopen #7
sk reopen #8
sk reopen #9
sk reopen #10
465.7 minutes in total for sk

ar reopen #1 loss=-0.9998731478531822
ar reopen #2 loss=-0.9998731489988775
ar reopen #3 loss=-0.9998731491282808
ar reopen #4
ar reopen #5
ar reopen #6 loss=-0.9998731495926215
ar reopen #7
ar reopen #8
ar reopen #9
ar reopen #10
467.3 minutes in total for ar

gj reopen #1 loss=-0.9998029358225922
gj reopen #2
gj reopen #3
gj reopen #4
gj reopen #5
gj reopen #6
gj reopen #7
gj reopen #8
gj reopen #9
gj reopen #10
467.9 minutes in total for gj

pb reopen #1 loss=-0.9984525690704218
pb reopen #2
pb reopen #3
pb reopen #4
pb reopen #5
pb reopen #6
pb reopen #7
pb reopen #8
pb reopen #9
pb reopen #10
467.8 minutes in total for pb

as reopen #1 loss=-0.9996866931570932
as reopen #2
as reopen #3
as reopen #4 loss=-0.9996866933895273
as reopen #5 loss=-0.9996866933899328
as reopen #6
as reopen #7 loss=-0.999686693390956
as reopen #8
as reopen #9
as reopen #10
469.4 minutes in total for as

an reopen #1 loss=-0.991136738720954
an reopen #2 loss=-0.9911367418691546
an reopen #3
an reopen #4 loss=-0.9911406926467898
an reopen #5
an reopen #6 loss=-0.99114389943092
an reopen #7
an reopen #8 loss=-0.9911456833902097
an reopen #9
an reopen #10
469.6 minutes in total for an

ml reopen #1 loss=-0.9973360711612359
ml reopen #2 loss=-0.9973360713189081
ml reopen #3
ml reopen #4
ml reopen #5
ml reopen #6
ml reopen #7
ml reopen #8
ml reopen #9
ml reopen #10
470.1 minutes in total for ml

mn reopen #1 loss=-0.9982227876892217
mn reopen #2 loss=-0.9982227877203395
mn reopen #3
mn reopen #4
mn reopen #5
mn reopen #6
mn reopen #7
mn reopen #8
mn reopen #9
mn reopen #10
470.5 minutes in total for mn

mz reopen #1 loss=-0.9892421946152119
mz reopen #2
mz reopen #3 loss=-0.9892421946317748
mz reopen #4 loss=-0.9892421946379342
mz reopen #5
mz reopen #6
mz reopen #7
mz reopen #8
mz reopen #9
mz reopen #10 loss=-0.9892421946405279
472.3 minutes in total for mz

nl reopen #1 loss=-0.9963066052993765
nl reopen #2
nl reopen #3
nl reopen #4 loss=-0.9963066054018281
nl reopen #5 loss=-0.9963066054639694
nl reopen #6
nl reopen #7 loss=-0.9963066056951669
nl reopen #8
nl reopen #9
nl reopen #10
474.9 minutes in total for nl

ut reopen #1 loss=-0.9996675852103752
ut reopen #2
ut reopen #3
ut reopen #4
ut reopen #5
ut reopen #6
ut reopen #7
ut reopen #8
ut reopen #9
ut reopen #10
475.3 minutes in total for ut

la reopen #1 loss=-0.993297441822993
la reopen #2
la reopen #3
la reopen #4
la reopen #5
la reopen #6
la reopen #7
la reopen #8
la reopen #9
la reopen #10
475.8 minutes in total for la

kl reopen #1 loss=-0.9990739680220017
kl reopen #2
kl reopen #3
kl reopen #4
kl reopen #5
kl reopen #6
kl reopen #7
kl reopen #8
kl reopen #9
kl reopen #10
476.0 minutes in total for kl

ka reopen #1 loss=-0.9996532223443794
ka reopen #2 loss=-0.9996536696942679
ka reopen #3 loss=-0.9996553764451305
ka reopen #4
ka reopen #5
ka reopen #6
ka reopen #7
ka reopen #8
ka reopen #9
ka reopen #10
476.5 minutes in total for ka

dl reopen #1 loss=-0.9999105726193754
dl reopen #2
dl reopen #3
dl reopen #4
dl reopen #5
dl reopen #6
dl reopen #7
dl reopen #8
dl reopen #9
dl reopen #10
476.8 minutes in total for dl

mh reopen #1 loss=-0.999257856418855
mh reopen #2 loss=-0.9992579492835628
mh reopen #3
mh reopen #4
mh reopen #5
mh reopen #6
mh reopen #7
mh reopen #8
mh reopen #9
mh reopen #10
477.3 minutes in total for mh

br reopen #1 loss=-0.9965852631681457
br reopen #2
br reopen #3
br reopen #4
br reopen #5
br reopen #6
br reopen #7
br reopen #8
br reopen #9
br reopen #10
477.4 minutes in total for br

hp reopen #1 loss=-0.9993842687860564
hp reopen #2
hp reopen #3
hp reopen #4
hp reopen #5
hp reopen #6
hp reopen #7
hp reopen #8
hp reopen #9
hp reopen #10
478.1 minutes in total for hp

ga reopen #1 loss=-0.9999173185454364
ga reopen #2
ga reopen #3
ga reopen #4
ga reopen #5
ga reopen #6 loss=-0.9999173201104414
ga reopen #7
ga reopen #8
ga reopen #9
ga reopen #10
478.1 minutes in total for ga

ch reopen #1 loss=-0.9993897192618719
ch reopen #2
ch reopen #3
ch reopen #4
ch reopen #5
ch reopen #6
ch reopen #7
ch reopen #8
ch reopen #9
ch reopen #10
478.3 minutes in total for ch

tr reopen #1 loss=-0.9993660417614678
tr reopen #2
tr reopen #3 loss=-0.9993660798896918
tr reopen #4 loss=-0.9993660798897157
tr reopen #5
tr reopen #6
tr reopen #7
tr reopen #8
tr reopen #9
tr reopen #10
478.9 minutes in total for tr

ld reopen #1 loss=-0.9631334416901262
ld reopen #2
ld reopen #3
ld reopen #4
ld reopen #5
ld reopen #6
ld reopen #7
ld reopen #8
ld reopen #9
ld reopen #10
480.3 minutes in total for ld

py reopen #1 loss=-0.9993917928490806
py reopen #2
py reopen #3
py reopen #4
py reopen #5
py reopen #6
py reopen #7
py reopen #8
py reopen #9
py reopen #10
480.4 minutes in total for py

dn_dd reopen #1 loss=-0.996191388813309
dn_dd reopen #2
dn_dd reopen #3
dn_dd reopen #4
dn_dd reopen #5
dn_dd reopen #6
dn_dd reopen #7
dn_dd reopen #8
dn_dd reopen #9
dn_dd reopen #10
488.4 minutes in total for dn_dd

488.445 minutes for all states ending on 2021-07-16
kl

jk

rj

mh

tn

ut

ka

ap

py

hr

up

ct

pb

or

la

mp

mn

ga

gj

br

as

mz

jh

tg

an

dn_dd

ml

nl

ar

tr

sk

ld

dl

wb

ch

hp

wb initial #1 loss=-0.9998806576684174
wb initial #2 loss=-0.9999008489974824
wb initial #3
wb initial #4
wb initial #5 loss=-0.9999108867567933
wb initial #6
wb initial #7
wb initial #8
wb initial #9 loss=-0.9999144775246273
wb initial #10
DONE WITH FIRST FIT
rj initial #1 loss=-0.999716578403047
rj initial #2
rj initial #3
rj initial #4
rj initial #5
rj initial #6
rj initial #7 loss=-0.9997817963194653
rj initial #8
rj initial #9
rj initial #10
DONE WITH FIRST FIT
jk initial #1 loss=-0.9999403437144923
jk initial #2
jk initial #3
jk initial #4
jk initial #5
jk initial #6
jk initial #7
jk initial #8
jk initial #9
jk initial #10
DONE WITH FIRST FIT
mn initial #1 loss=-0.9997078295433517
mn initial #2
mn initial #3
mn initial #4
mn initial #5
mn initial #6 loss=-0.9997108493638008
mn initial #7
mn initial #8
mn initial #9 loss=-0.999713350296483
mn initial #10
DONE WITH FIRST FIT
mp initial #1 loss=-0.999799790032111
mp initial #2 loss=-0.9998494353855074
mp initial #3
mp initial #4
mp initial #5
mp initial #6 loss=-0.9998649193303615
mp initial #7
mp initial #8
mp initial #9
mp initial #10
DONE WITH FIRST FIT
hr initial #1 loss=-0.9996598599977994
hr initial #2 loss=-0.9997912017472305
hr initial #3
hr initial #4
hr initial #5
hr initial #6
hr initial #7
hr initial #8
hr initial #9
hr initial #10
DONE WITH FIRST FIT
tn initial #1 loss=-0.9999031990446539
tn initial #2
tn initial #3
tn initial #4
tn initial #5
tn initial #6
tn initial #7
tn initial #8 loss=-0.9999053578576564
tn initial #9
tn initial #10
DONE WITH FIRST FIT
ap initial #1 loss=-0.9999041867526586
ap initial #2 loss=-0.9999504801775599
ap initial #3
ap initial #4 loss=-0.999965414834172
ap initial #5
ap initial #6
ap initial #7
ap initial #8 loss=-0.999969437689807
ap initial #9
ap initial #10
DONE WITH FIRST FIT
as initial #1 loss=-0.999895521053
as initial #2 loss=-0.9999352179356833
as initial #3
as initial #4 loss=-0.9999369089455795
as initial #5
as initial #6
as initial #7
as initial #8
as initial #9
as initial #10
DONE WITH FIRST FIT
jh initial #1 loss=-0.9997864666269574
jh initial #2
jh initial #3 loss=-0.9998162011919124
jh initial #4
jh initial #5 loss=-0.9998565617420214
jh initial #6
jh initial #7
jh initial #8
jh initial #9
jh initial #10
DONE WITH FIRST FIT
gj initial #1 loss=-0.9997517727630097
gj initial #2 loss=-0.9997981527159456
gj initial #3 loss=-0.999846175949235
gj initial #4
gj initial #5 loss=-0.9998586919027078
gj initial #6
gj initial #7
gj initial #8
gj initial #9
gj initial #10
DONE WITH FIRST FIT
an initial #1 loss=-0.9998001458358491
an initial #2 loss=-0.9998338401183692
an initial #3 loss=-0.999849366131234
an initial #4
an initial #5
an initial #6
an initial #7
an initial #8
an initial #9
an initial #10
DONE WITH FIRST FIT
or initial #1 loss=-0.9999587940488405
or initial #2
or initial #3 loss=-0.9999629077336837
or initial #4
or initial #5
or initial #6
or initial #7
or initial #8 loss=-0.9999666186644507
or initial #9
or initial #10
DONE WITH FIRST FIT
hp initial #1 loss=-0.9994906159773673
hp initial #2
hp initial #3
hp initial #4 loss=-0.9995782803247837
hp initial #5
hp initial #6
hp initial #7
hp initial #8
hp initial #9
hp initial #10
DONE WITH FIRST FIT
ld initial #1 loss=-0.9981598304907957
ld initial #2
ld initial #3
ld initial #4
ld initial #5 loss=-0.998196688564265
ld initial #6
ld initial #7
ld initial #8
ld initial #9
ld initial #10
DONE WITH FIRST FIT
ch initial #1 loss=-0.9995420430053762
ch initial #2 loss=-0.9996301218343322
ch initial #3
ch initial #4 loss=-0.9996638511233816
ch initial #5
ch initial #6
ch initial #7
ch initial #8
ch initial #9
ch initial #10 loss=-0.9997056595714904
DONE WITH FIRST FIT
pb initial #1 loss=-0.9996785394715745
pb initial #2
pb initial #3 loss=-0.9996982471542678
pb initial #4
pb initial #5
pb initial #6
pb initial #7
pb initial #8
pb initial #9 loss=-0.999706581983408
pb initial #10
DONE WITH FIRST FIT
ct initial #1 loss=-0.9999225013255407
ct initial #2
ct initial #3
ct initial #4 loss=-0.9999271679596325
ct initial #5 loss=-0.9999313837810152
ct initial #6
ct initial #7
ct initial #8
ct initial #9
ct initial #10
DONE WITH FIRST FIT
mz initial #1 loss=-0.9994451934226078
mz initial #2 loss=-0.9994686834356763
mz initial #3 loss=-0.9995287936162964
mz initial #4
mz initial #5
mz initial #6
mz initial #7
mz initial #8
mz initial #9
mz initial #10
DONE WITH FIRST FIT
ka initial #1 loss=-0.9999460938856203
ka initial #2
ka initial #3
ka initial #4
ka initial #5 loss=-0.9999474889465183
ka initial #6
ka initial #7 loss=-0.9999623814792713
ka initial #8
ka initial #9
ka initial #10
DONE WITH FIRST FIT
dl initial #1 loss=-0.9998627757420738
dl initial #2 loss=-0.999894139974574
dl initial #3
dl initial #4
dl initial #5 loss=-0.9999060722194317
dl initial #6
dl initial #7
dl initial #8
dl initial #9
dl initial #10
DONE WITH FIRST FIT
mh initial #1 loss=-0.9999242861029521
mh initial #2 loss=-0.9999667038941312
mh initial #3
mh initial #4
mh initial #5
mh initial #6
mh initial #7
mh initial #8
mh initial #9
mh initial #10
DONE WITH FIRST FIT
tr initial #1 loss=-0.9999308063066363
tr initial #2
tr initial #3 loss=-0.9999316905291613
tr initial #4
tr initial #5 loss=-0.9999363027683116
tr initial #6
tr initial #7
tr initial #8
tr initial #9
tr initial #10
DONE WITH FIRST FIT
ga initial #1 loss=-0.9998724348496209
ga initial #2 loss=-0.9998839621673852
ga initial #3
ga initial #4
ga initial #5 loss=-0.9998882413155353
ga initial #6
ga initial #7
ga initial #8
ga initial #9
ga initial #10
DONE WITH FIRST FIT
tg initial #1 loss=-0.9999413545320219
tg initial #2 loss=-0.9999532862881958
tg initial #3
tg initial #4
tg initial #5
tg initial #6
tg initial #7
tg initial #8
tg initial #9
tg initial #10
DONE WITH FIRST FIT
nl initial #1 loss=-0.9998529116715689
nl initial #2
nl initial #3
nl initial #4
nl initial #5
nl initial #6 loss=-0.999853410590454
nl initial #7
nl initial #8 loss=-0.9998570385441564
nl initial #9
nl initial #10 loss=-0.9998572696858556
DONE WITH FIRST FIT
ar initial #1 loss=-0.9995489978951355
ar initial #2
ar initial #3 loss=-0.9995553045324287
ar initial #4
ar initial #5
ar initial #6 loss=-0.9995645773277514
ar initial #7
ar initial #8
ar initial #9
ar initial #10
DONE WITH FIRST FIT
sk initial #1 loss=-0.9995234409202339
sk initial #2 loss=-0.9996678624841747
sk initial #3
sk initial #4
sk initial #5
sk initial #6
sk initial #7
sk initial #8
sk initial #9
sk initial #10
DONE WITH FIRST FIT
ut initial #1 loss=-0.9997627251378822
ut initial #2 loss=-0.9997986616197233
ut initial #3
ut initial #4
ut initial #5
ut initial #6
ut initial #7
ut initial #8
ut initial #9
ut initial #10
DONE WITH FIRST FIT
kl initial #1 loss=-0.9997607499232681
kl initial #2 loss=-0.9997934386117887
kl initial #3
kl initial #4
kl initial #5
kl initial #6
kl initial #7
kl initial #8
kl initial #9
kl initial #10
DONE WITH FIRST FIT
ml initial #1 loss=-0.9994243379590548
ml initial #2
ml initial #3
ml initial #4 loss=-0.9994698064161192
ml initial #5
ml initial #6
ml initial #7
ml initial #8
ml initial #9
ml initial #10
DONE WITH FIRST FIT
la initial #1 loss=-0.9996459269934389
la initial #2 loss=-0.999718978954369
la initial #3
la initial #4
la initial #5 loss=-0.9997217554869164
la initial #6
la initial #7
la initial #8 loss=-0.9997482847281871
la initial #9
la initial #10
DONE WITH FIRST FIT
br initial #1 loss=-0.9950618924848421
br initial #2
br initial #3 loss=-0.995116556284262
br initial #4
br initial #5 loss=-0.9953304447485406
br initial #6
br initial #7
br initial #8
br initial #9
br initial #10
DONE WITH FIRST FIT
up initial #1 loss=-0.9998385112457606
up initial #2 loss=-0.9998566605525421
up initial #3 loss=-0.9998624248580892
up initial #4
up initial #5
up initial #6 loss=-0.9998729038412342
up initial #7
up initial #8 loss=-0.9998811537906014
up initial #9
up initial #10 loss=-0.9998812374249206
DONE WITH FIRST FIT
py initial #1 loss=-0.9998139669822282
py initial #2 loss=-0.9998424351637547
py initial #3
py initial #4
py initial #5
py initial #6
py initial #7
py initial #8
py initial #9
py initial #10 loss=-0.9998460716718306
DONE WITH FIRST FIT
dn_dd initial #1 loss=-0.9945072255543117
dn_dd initial #2
dn_dd initial #3
dn_dd initial #4
dn_dd initial #5
dn_dd initial #6
dn_dd initial #7
dn_dd initial #8
dn_dd initial #9
dn_dd initial #10
DONE WITH FIRST FIT
wb reopen #1 loss=-0.9945186545302809
wb reopen #2
wb reopen #3
wb reopen #4
wb reopen #5
wb reopen #6
wb reopen #7
wb reopen #8
wb reopen #9
wb reopen #10
251.4 minutes in total for wb

rj reopen #1 loss=-0.9962116582772689
rj reopen #2
rj reopen #3
rj reopen #4
rj reopen #5
rj reopen #6
rj reopen #7
rj reopen #8
rj reopen #9
rj reopen #10
270.7 minutes in total for rj

jk reopen #1 loss=-0.9990902697410022
jk reopen #2
jk reopen #3
jk reopen #4
jk reopen #5
jk reopen #6
jk reopen #7
jk reopen #8
jk reopen #9
jk reopen #10
279.7 minutes in total for jk

mp reopen #1 loss=-0.9818872053199654
mp reopen #2
mp reopen #3
mp reopen #4
mp reopen #5
mp reopen #6
mp reopen #7
mp reopen #8
mp reopen #9
mp reopen #10
285.1 minutes in total for mp

hr reopen #1 loss=-0.9974934714940893
hr reopen #2
hr reopen #3
hr reopen #4
hr reopen #5
hr reopen #6
hr reopen #7
hr reopen #8
hr reopen #9
hr reopen #10
285.6 minutes in total for hr

mn reopen #1 loss=-0.9828209558650101
mn reopen #2
mn reopen #3
mn reopen #4 loss=-0.9828209558650105
mn reopen #5
mn reopen #6
mn reopen #7
mn reopen #8
mn reopen #9
mn reopen #10
286.5 minutes in total for mn

tn reopen #1 loss=-0.8410841596234765
tn reopen #2
tn reopen #3
tn reopen #4
tn reopen #5
tn reopen #6
tn reopen #7
tn reopen #8
tn reopen #9
tn reopen #10
286.9 minutes in total for tn

ap reopen #1 loss=-0.9991962928761602
ap reopen #2 loss=-0.9991962928762314
ap reopen #3
ap reopen #4
ap reopen #5
ap reopen #6 loss=-0.9991962928762402
ap reopen #7
ap reopen #8
ap reopen #9
ap reopen #10
289.7 minutes in total for ap

jh reopen #1 loss=-0.9992860675268427
jh reopen #2
jh reopen #3
jh reopen #4
jh reopen #5
jh reopen #6
jh reopen #7
jh reopen #8
jh reopen #9
jh reopen #10
295.0 minutes in total for jh

as reopen #1 loss=-0.9978443357599638
as reopen #2
as reopen #3
as reopen #4
as reopen #5
as reopen #6
as reopen #7
as reopen #8
as reopen #9
as reopen #10
291.0 minutes in total for as

gj reopen #1 loss=-0.9990882917209599
gj reopen #2
gj reopen #3
gj reopen #4
gj reopen #5
gj reopen #6
gj reopen #7
gj reopen #8
gj reopen #9
gj reopen #10
296.7 minutes in total for gj

an reopen #1 loss=-0.9202235494401632
an reopen #2 loss=-0.9202235494848373
an reopen #3 loss=-0.9202235495015152
an reopen #4
an reopen #5
an reopen #6
an reopen #7
an reopen #8 loss=-0.9202235495061282
an reopen #9
an reopen #10
298.2 minutes in total for an

hp reopen #1 loss=-0.998540160125663
hp reopen #2
hp reopen #3
hp reopen #4
hp reopen #5
hp reopen #6
hp reopen #7
hp reopen #8
hp reopen #9
hp reopen #10
299.3 minutes in total for hp

or reopen #1 loss=-0.9717261919305944
or reopen #2
or reopen #3
or reopen #4
or reopen #5
or reopen #6
or reopen #7
or reopen #8
or reopen #9
or reopen #10 loss=-0.9717261919339149
299.4 minutes in total for or

ld reopen #1 loss=-0.6457495051852918
ld reopen #2
ld reopen #3
ld reopen #4
ld reopen #5
ld reopen #6
ld reopen #7
ld reopen #8
ld reopen #9
ld reopen #10
299.7 minutes in total for ld

ch reopen #1 loss=-0.9978547541081693
ch reopen #2
ch reopen #3
ch reopen #4
ch reopen #5
ch reopen #6
ch reopen #7
ch reopen #8
ch reopen #9
ch reopen #10
300.1 minutes in total for ch

pb reopen #1 loss=-0.9881350851331812
pb reopen #2
pb reopen #3
pb reopen #4
pb reopen #5
pb reopen #6
pb reopen #7
pb reopen #8
pb reopen #9
pb reopen #10
300.6 minutes in total for pb

ct reopen #1 loss=-0.9996352708191224
ct reopen #2
ct reopen #3
ct reopen #4
ct reopen #5
ct reopen #6
ct reopen #7
ct reopen #8
ct reopen #9
ct reopen #10
301.0 minutes in total for ct

ka reopen #1 loss=-0.9962781026710814
ka reopen #2
ka reopen #3
ka reopen #4
ka reopen #5
ka reopen #6
ka reopen #7
ka reopen #8
ka reopen #9
ka reopen #10
301.6 minutes in total for ka

dl reopen #1 loss=-0.9998309113818307
dl reopen #2
dl reopen #3
dl reopen #4
dl reopen #5
dl reopen #6
dl reopen #7
dl reopen #8
dl reopen #9
dl reopen #10
301.6 minutes in total for dl

mh reopen #1 loss=-0.9989621044781304
mh reopen #2
mh reopen #3
mh reopen #4 loss=-0.9989621044782632
mh reopen #5
mh reopen #6 loss=-0.9989621044782713
mh reopen #7
mh reopen #8 loss=-0.9989621044782725
mh reopen #9
mh reopen #10
302.3 minutes in total for mh

mz reopen #1 loss=-0.8755249676658466
mz reopen #2
mz reopen #3
mz reopen #4
mz reopen #5
mz reopen #6
mz reopen #7
mz reopen #8
mz reopen #9
mz reopen #10
301.9 minutes in total for mz

tr reopen #1 loss=-0.9904174315521672
tr reopen #2 loss=-0.9904174315522701
tr reopen #3
tr reopen #4
tr reopen #5
tr reopen #6
tr reopen #7
tr reopen #8
tr reopen #9
tr reopen #10
302.6 minutes in total for tr

ga reopen #1 loss=-0.9995106829543206
ga reopen #2
ga reopen #3
ga reopen #4
ga reopen #5
ga reopen #6
ga reopen #7
ga reopen #8
ga reopen #9
ga reopen #10
302.9 minutes in total for ga

ut reopen #1 loss=-0.998603048278027
ut reopen #2
ut reopen #3
ut reopen #4
ut reopen #5
ut reopen #6
ut reopen #7
ut reopen #8
ut reopen #9
ut reopen #10
303.3 minutes in total for ut

nl reopen #1 loss=-0.9843951234349657
nl reopen #2
nl reopen #3 loss=-0.984395123818917
nl reopen #4
nl reopen #5
nl reopen #6
nl reopen #7
nl reopen #8
nl reopen #9
nl reopen #10
303.4 minutes in total for nl

tg reopen #1 loss=-0.9999271966221697
tg reopen #2 loss=-0.9999272120967477
tg reopen #3
tg reopen #4
tg reopen #5
tg reopen #6
tg reopen #7
tg reopen #8 loss=-0.9999272182548038
tg reopen #9
tg reopen #10 loss=-0.9999272193527423
302.9 minutes in total for tg

kl reopen #1 loss=-0.99213145311988
kl reopen #2
kl reopen #3
kl reopen #4
kl reopen #5
kl reopen #6
kl reopen #7
kl reopen #8
kl reopen #9
kl reopen #10
303.8 minutes in total for kl

sk reopen #1 loss=-0.9626252045408615
sk reopen #2 loss=-0.9626575323032412
sk reopen #3
sk reopen #4
sk reopen #5
sk reopen #6 loss=-0.9626575325055826
sk reopen #7
sk reopen #8
sk reopen #9 loss=-0.962682673430344
sk reopen #10
303.4 minutes in total for sk

ar reopen #1 loss=-0.9983133532114361
ar reopen #2 loss=-0.9983133532124235
ar reopen #3
ar reopen #4 loss=-0.9983133532125157
ar reopen #5
ar reopen #6
ar reopen #7
ar reopen #8
ar reopen #9
ar reopen #10
303.4 minutes in total for ar

ml reopen #1 loss=-0.9878287523098976
ml reopen #2 loss=-0.9878287523108636
ml reopen #3
ml reopen #4
ml reopen #5
ml reopen #6
ml reopen #7
ml reopen #8 loss=-0.9878287523108692
ml reopen #9
ml reopen #10
304.3 minutes in total for ml

br reopen #1 loss=-0.9819706739414589
br reopen #2
br reopen #3
br reopen #4
br reopen #5
br reopen #6
br reopen #7
br reopen #8
br reopen #9
br reopen #10
304.6 minutes in total for br

la reopen #1 loss=-0.9381830876489071
la reopen #2
la reopen #3
la reopen #4
la reopen #5
la reopen #6
la reopen #7
la reopen #8
la reopen #9
la reopen #10
304.2 minutes in total for la

up reopen #1 loss=-0.9984189284723566
up reopen #2
up reopen #3
up reopen #4
up reopen #5
up reopen #6
up reopen #7
up reopen #8
up reopen #9
up reopen #10
305.1 minutes in total for up

py reopen #1 loss=-0.9970410403681964
py reopen #2 loss=-0.9970410404166222
py reopen #3 loss=-0.9970410404202957
py reopen #4 loss=-0.9970410404714162
py reopen #5
py reopen #6 loss=-0.9970410404831476
py reopen #7
py reopen #8
py reopen #9 loss=-0.9970410405079303
py reopen #10
306.7 minutes in total for py

dn_dd reopen #1 loss=-0.9856625897959921
dn_dd reopen #2
dn_dd reopen #3
dn_dd reopen #4
dn_dd reopen #5
dn_dd reopen #6
dn_dd reopen #7
dn_dd reopen #8
dn_dd reopen #9
dn_dd reopen #10
310.1 minutes in total for dn_dd

310.067 minutes for all states ending on 2021-08-13
