gj

ut

py

hr

br

mz

as

nl

sk

dn_dd

ld

tg

dl

pb

tn

or

ap

wb

ch

ct

hp

mp

mn

ka

ga

jh

an

ar

tr

ml

rj

up

kl

jk

la

mh

ml initial #1 loss=-0.911385865684622
ml initial #2
ml initial #3 loss=-0.9229877892959789
ml initial #4
ml initial #5
ml initial #6
ml initial #7
ml initial #8
ml initial #9
ml initial #10
ml initial #11 loss=-0.9232500300314062
ml initial #12
ml initial #13
ml initial #14
ml initial #15
ml initial #16
ml initial #17
ml initial #18
ml initial #19
ml initial #20
DONE WITH FIRST FIT
mn initial #1 loss=-0.9211292527109928
mn initial #2 loss=-0.931627540980078
mn initial #3
mn initial #4
mn initial #5
mn initial #6
mn initial #7
mn initial #8 loss=-0.9361997979259712
mn initial #9
mn initial #10
mn initial #11
mn initial #12
mn initial #13
mn initial #14
mn initial #15
mn initial #16 loss=-0.9374488480528175
mn initial #17
mn initial #18
mn initial #19
mn initial #20
DONE WITH FIRST FIT
ap initial #1 loss=-0.9684697787991039
ap initial #2 loss=-0.9691458788775621
ap initial #3 loss=-0.9707192643287652
ap initial #4 loss=-0.9756704372516245
ap initial #5
ap initial #6
ap initial #7
ap initial #8 loss=-0.9758401985391504
ap initial #9
ap initial #10
ap initial #11
ap initial #12
ap initial #13
ap initial #14
ap initial #15
ap initial #16
ap initial #17
ap initial #18
ap initial #19
ap initial #20
DONE WITH FIRST FIT
tr initial #1 loss=-0.9015509659766419
tr initial #2
tr initial #3
tr initial #4
tr initial #5
tr initial #6
tr initial #7
tr initial #8
tr initial #9
tr initial #10
tr initial #11
tr initial #12 loss=-0.9015510249291669
tr initial #13
tr initial #14 loss=-0.9016815040982402
tr initial #15
tr initial #16
tr initial #17
tr initial #18
tr initial #19
tr initial #20
DONE WITH FIRST FIT
ld initial #1 loss=-0.8135960628281047
ld initial #2 loss=-0.8150000064761199
ld initial #3
ld initial #4
ld initial #5
ld initial #6
ld initial #7 loss=-0.816618208726948
ld initial #8 loss=-0.8169916194515905
ld initial #9
ld initial #10
ld initial #11
ld initial #12
ld initial #13
ld initial #14
ld initial #15 loss=-0.8171610504419242
ld initial #16
ld initial #17
ld initial #18
ld initial #19
ld initial #20
DONE WITH FIRST FIT
dl initial #1 loss=-0.9744679680444208
dl initial #2
dl initial #3
dl initial #4 loss=-0.9748253258832745
dl initial #5 loss=-0.9748629191145837
dl initial #6
dl initial #7
dl initial #8 loss=-0.9750162468908312
dl initial #9 loss=-0.976193024872042
dl initial #10
dl initial #11
dl initial #12
dl initial #13
dl initial #14
dl initial #15
dl initial #16
dl initial #17
dl initial #18
dl initial #19
dl initial #20
DONE WITH FIRST FIT
hp initial #1 loss=-0.9297949597465218
hp initial #2 loss=-0.9336550014899461
hp initial #3
hp initial #4
hp initial #5
hp initial #6 loss=-0.934031781490525
hp initial #7
hp initial #8
hp initial #9
hp initial #10
hp initial #11
hp initial #12
hp initial #13
hp initial #14
hp initial #15
hp initial #16
hp initial #17
hp initial #18
hp initial #19
hp initial #20
DONE WITH FIRST FIT
tg initial #1 loss=-0.934231569523256
tg initial #2
tg initial #3
tg initial #4 loss=-0.9343426809143275
tg initial #5
tg initial #6
tg initial #7
tg initial #8
tg initial #9
tg initial #10
tg initial #11
tg initial #12
tg initial #13
tg initial #14
tg initial #15
tg initial #16
tg initial #17
tg initial #18
tg initial #19
tg initial #20
DONE WITH FIRST FIT
kl initial #1 loss=-0.967744543080487
kl initial #2 loss=-0.9682291659673261
kl initial #3 loss=-0.969335977046377
kl initial #4
kl initial #5
kl initial #6
kl initial #7
kl initial #8
kl initial #9 loss=-0.9703247483116219
kl initial #10
kl initial #11 loss=-0.970846035891678
kl initial #12
kl initial #13
kl initial #14
kl initial #15
kl initial #16
kl initial #17
kl initial #18
kl initial #19
kl initial #20
DONE WITH FIRST FIT
as initial #1 loss=-0.9302856430123612
as initial #2 loss=-0.9315419557521277
as initial #3 loss=-0.9325697303347253
as initial #4
as initial #5
as initial #6 loss=-0.9333055260681198
as initial #7
as initial #8
as initial #9
as initial #10
as initial #11
as initial #12
as initial #13
as initial #14
as initial #15
as initial #16
as initial #17
as initial #18
as initial #19
as initial #20
DONE WITH FIRST FIT
nl initial #1 loss=-0.8875092795809258
nl initial #2 loss=-0.8884225431298651
nl initial #3
nl initial #4
nl initial #5
nl initial #6
nl initial #7
nl initial #8
nl initial #9
nl initial #10
nl initial #11
nl initial #12
nl initial #13 loss=-0.8884225460828308
nl initial #14 loss=-0.8884279967336172
nl initial #15
nl initial #16 loss=-0.8884281859891191
nl initial #17
nl initial #18
nl initial #19
nl initial #20
DONE WITH FIRST FIT
or initial #1 loss=-0.9442533202452406
or initial #2 loss=-0.9563022013463156
or initial #3 loss=-0.9605953123212692
or initial #4
or initial #5
or initial #6
or initial #7
or initial #8
or initial #9
or initial #10
or initial #11
or initial #12
or initial #13
or initial #14
or initial #15
or initial #16
or initial #17
or initial #18
or initial #19 loss=-0.9605953150721054
or initial #20
DONE WITH FIRST FIT
ch initial #1 loss=-0.9396496021301549
ch initial #2 loss=-0.9463166911874747
ch initial #3
ch initial #4
ch initial #5
ch initial #6
ch initial #7
ch initial #8
ch initial #9
ch initial #10
ch initial #11
ch initial #12
ch initial #13
ch initial #14
ch initial #15
ch initial #16
ch initial #17
ch initial #18
ch initial #19
ch initial #20
DONE WITH FIRST FIT
jh initial #1 loss=-0.9014572377571526
jh initial #2
jh initial #3
jh initial #4
jh initial #5
jh initial #6
jh initial #7
jh initial #8
jh initial #9
jh initial #10
jh initial #11
jh initial #12
jh initial #13
jh initial #14
jh initial #15
jh initial #16
jh initial #17
jh initial #18
jh initial #19
jh initial #20
DONE WITH FIRST FIT
py initial #1 loss=-0.9708779726388606
py initial #2
py initial #3 loss=-0.9713740362427481
py initial #4
py initial #5 loss=-0.9715086401982213
py initial #6
py initial #7
py initial #8
py initial #9
py initial #10
py initial #11
py initial #12
py initial #13 loss=-0.9718005010665834
py initial #14
py initial #15
py initial #16
py initial #17 loss=-0.971946005132264
py initial #18
py initial #19
py initial #20
DONE WITH FIRST FIT
wb initial #1 loss=-0.9559061188092963
wb initial #2 loss=-0.9565228675654006
wb initial #3
wb initial #4
wb initial #5
wb initial #6
wb initial #7
wb initial #8
wb initial #9
wb initial #10 loss=-0.95687669251637
wb initial #11
wb initial #12
wb initial #13
wb initial #14
wb initial #15
wb initial #16
wb initial #17
wb initial #18
wb initial #19
wb initial #20
DONE WITH FIRST FIT
rj initial #1 loss=-0.9193392875496209
rj initial #2 loss=-0.9196504171139538
rj initial #3 loss=-0.9214067265831418
rj initial #4
rj initial #5 loss=-0.9218632165996443
rj initial #6
rj initial #7 loss=-0.921905923461792
rj initial #8
rj initial #9
rj initial #10
rj initial #11
rj initial #12
rj initial #13
rj initial #14 loss=-0.9219135882492481
rj initial #15
rj initial #16
rj initial #17
rj initial #18
rj initial #19
rj initial #20
DONE WITH FIRST FIT
up initial #1 loss=-0.9013672092136805
up initial #2
up initial #3 loss=-0.9013768632664093
up initial #4
up initial #5
up initial #6
up initial #7 loss=-0.9016135562047433
up initial #8
up initial #9
up initial #10
up initial #11
up initial #12
up initial #13
up initial #14
up initial #15
up initial #16
up initial #17
up initial #18 loss=-0.9018434816686605
up initial #19
up initial #20
DONE WITH FIRST FIT
gj initial #1 loss=-0.93424459541276
gj initial #2
gj initial #3
gj initial #4
gj initial #5
gj initial #6
gj initial #7
gj initial #8 loss=-0.9343647960813131
gj initial #9
gj initial #10 loss=-0.934364796092021
gj initial #11
gj initial #12
gj initial #13
gj initial #14
gj initial #15
gj initial #16
gj initial #17
gj initial #18
gj initial #19
gj initial #20
DONE WITH FIRST FIT
ga initial #1 loss=-0.9482939556047603
ga initial #2 loss=-0.948454395782203
ga initial #3 loss=-0.9494705096275233
ga initial #4
ga initial #5
ga initial #6
ga initial #7 loss=-0.9498633542569237
ga initial #8
ga initial #9
ga initial #10
ga initial #11
ga initial #12
ga initial #13
ga initial #14
ga initial #15
ga initial #16
ga initial #17
ga initial #18
ga initial #19
ga initial #20
DONE WITH FIRST FIT
ka initial #1 loss=-0.9838540256020264
ka initial #2 loss=-0.9844449832472968
ka initial #3 loss=-0.9849532521587302
ka initial #4 loss=-0.9860193704397571
ka initial #5
ka initial #6
ka initial #7
ka initial #8
ka initial #9
ka initial #10
ka initial #11
ka initial #12
ka initial #13
ka initial #14
ka initial #15 loss=-0.986088409172797
ka initial #16
ka initial #17
ka initial #18
ka initial #19
ka initial #20
DONE WITH FIRST FIT
pb initial #1 loss=-0.9397008293002546
pb initial #2
pb initial #3 loss=-0.9439232630513525
pb initial #4
pb initial #5
pb initial #6
pb initial #7 loss=-0.944450121186046
pb initial #8
pb initial #9
pb initial #10
pb initial #11
pb initial #12
pb initial #13
pb initial #14
pb initial #15
pb initial #16
pb initial #17
pb initial #18
pb initial #19
pb initial #20
DONE WITH FIRST FIT
975.175 minutes for all states ending on 2021-11-14
