kl

dl

tn

ut

wb

ap

ch

gj

mp

mz

ga

jh

tr

ka

ml

dn_dd

pb

or

rj

mh

br

ct

mn

up

tg

py

la

jk

hr

hp

as

an

ar

sk

nl

ld

jk initial #1 loss=-0.9999202100821911
jk initial #2
jk initial #3
jk initial #4
jk initial #5
jk initial #6 loss=-0.9999292523074845
jk initial #7
jk initial #8
jk initial #9 loss=-0.9999379084979138
jk initial #10
DONE WITH FIRST FIT
mp initial #1 loss=-0.9998187027732454
mp initial #2
mp initial #3
mp initial #4
mp initial #5
mp initial #6
mp initial #7
mp initial #8 loss=-0.9998235056706386
mp initial #9
mp initial #10
DONE WITH FIRST FIT
wb initial #1 loss=-0.999926075165513
wb initial #2
wb initial #3
wb initial #4
wb initial #5
wb initial #6
wb initial #7 loss=-0.9999320263941461
wb initial #8
wb initial #9
wb initial #10
DONE WITH FIRST FIT
ap initial #1 loss=-0.9998947683861099
ap initial #2 loss=-0.999964496861899
ap initial #3
ap initial #4
ap initial #5
ap initial #6 loss=-0.9999654160021034
ap initial #7
ap initial #8
ap initial #9
ap initial #10
DONE WITH FIRST FIT
gj initial #1 loss=-0.9995164188947119
gj initial #2 loss=-0.9997698353414455
gj initial #3 loss=-0.9998128251164944
gj initial #4 loss=-0.9998546836457074
gj initial #5
gj initial #6
gj initial #7
gj initial #8
gj initial #9
gj initial #10
DONE WITH FIRST FIT
jh initial #1 loss=-0.9998677628912702
jh initial #2
jh initial #3
jh initial #4
jh initial #5
jh initial #6
jh initial #7
jh initial #8
jh initial #9
jh initial #10
DONE WITH FIRST FIT
or initial #1 loss=-0.9999641675148276
or initial #2
or initial #3
or initial #4
or initial #5
or initial #6
or initial #7
or initial #8
or initial #9
or initial #10
DONE WITH FIRST FIT
pb initial #1 loss=-0.9996017485306239
pb initial #2 loss=-0.9996503549886107
pb initial #3 loss=-0.9996642116526113
pb initial #4
pb initial #5
pb initial #6 loss=-0.9996769178556726
pb initial #7 loss=-0.9996823422181887
pb initial #8
pb initial #9
pb initial #10 loss=-0.9996918494809373
DONE WITH FIRST FIT
ct initial #1 loss=-0.9998875010650721
ct initial #2 loss=-0.9999151181607522
ct initial #3 loss=-0.9999279753708852
ct initial #4
ct initial #5
ct initial #6
ct initial #7
ct initial #8
ct initial #9 loss=-0.9999311961013757
ct initial #10
DONE WITH FIRST FIT
sk initial #1 loss=-0.9995848915587169
sk initial #2 loss=-0.9996142916618015
sk initial #3 loss=-0.9996340724526526
sk initial #4
sk initial #5 loss=-0.9996424121817137
sk initial #6 loss=-0.9996438016679895
sk initial #7
sk initial #8
sk initial #9 loss=-0.9996659919805881
sk initial #10
DONE WITH FIRST FIT
as initial #1 loss=-0.9999193550785742
as initial #2 loss=-0.9999225504704644
as initial #3
as initial #4 loss=-0.999923813015447
as initial #5 loss=-0.9999326470654789
as initial #6
as initial #7
as initial #8 loss=-0.9999326783284376
as initial #9 loss=-0.9999351647132299
as initial #10 loss=-0.9999368744076762
DONE WITH FIRST FIT
hr initial #1 loss=-0.9995322033583828
hr initial #2 loss=-0.9997370101409397
hr initial #3
hr initial #4
hr initial #5
hr initial #6
hr initial #7
hr initial #8
hr initial #9
hr initial #10
DONE WITH FIRST FIT
rj initial #1 loss=-0.9996488749398454
rj initial #2 loss=-0.9997707624374728
rj initial #3
rj initial #4
rj initial #5
rj initial #6
rj initial #7
rj initial #8
rj initial #9
rj initial #10
DONE WITH FIRST FIT
hp initial #1 loss=-0.9994046599835802
hp initial #2 loss=-0.9994722872582906
hp initial #3
hp initial #4
hp initial #5 loss=-0.9995351429070541
hp initial #6
hp initial #7
hp initial #8 loss=-0.9995949264585459
hp initial #9
hp initial #10
DONE WITH FIRST FIT
mn initial #1 loss=-0.999687136175171
mn initial #2
mn initial #3 loss=-0.9997224701933993
mn initial #4
mn initial #5
mn initial #6
mn initial #7
mn initial #8
mn initial #9
mn initial #10
DONE WITH FIRST FIT
nl initial #1 loss=-0.9997623119344737
nl initial #2 loss=-0.9998566604988692
nl initial #3
nl initial #4
nl initial #5
nl initial #6
nl initial #7
nl initial #8
nl initial #9
nl initial #10
DONE WITH FIRST FIT
ka initial #1 loss=-0.9999313165313211
ka initial #2
ka initial #3 loss=-0.9999617654473112
ka initial #4 loss=-0.9999795120666102
ka initial #5
ka initial #6
ka initial #7
ka initial #8
ka initial #9
ka initial #10
DONE WITH FIRST FIT
tg initial #1 loss=-0.9999552223279722
tg initial #2
tg initial #3
tg initial #4
tg initial #5
tg initial #6
tg initial #7
tg initial #8
tg initial #9
tg initial #10
DONE WITH FIRST FIT
an initial #1 loss=-0.9998420030336044
an initial #2
an initial #3
an initial #4 loss=-0.9998434869868249
an initial #5
an initial #6
an initial #7
an initial #8
an initial #9
an initial #10 loss=-0.9998543761824539
DONE WITH FIRST FIT
mh initial #1 loss=-0.9995434750853288
mh initial #2 loss=-0.9999274108805892
mh initial #3 loss=-0.999940706082233
mh initial #4
mh initial #5
mh initial #6
mh initial #7 loss=-0.9999494686081934
mh initial #8
mh initial #9
mh initial #10
DONE WITH FIRST FIT
up initial #1 loss=-0.9998838400595643
up initial #2
up initial #3
up initial #4
up initial #5
up initial #6
up initial #7
up initial #8
up initial #9
up initial #10 loss=-0.9998844396076892
DONE WITH FIRST FIT
tr initial #1 loss=-0.9998959193953447
tr initial #2 loss=-0.9999052634405831
tr initial #3 loss=-0.9999446473689133
tr initial #4
tr initial #5
tr initial #6
tr initial #7
tr initial #8
tr initial #9
tr initial #10
DONE WITH FIRST FIT
br initial #1 loss=-0.9948510213572688
br initial #2 loss=-0.9950133257737219
br initial #3 loss=-0.9950665750084366
br initial #4 loss=-0.9950756495274096
br initial #5 loss=-0.9952303976662866
br initial #6
br initial #7
br initial #8
br initial #9 loss=-0.9952595581034753
br initial #10
DONE WITH FIRST FIT
mz initial #1 loss=-0.9994316427982426
mz initial #2
mz initial #3
mz initial #4 loss=-0.9994923558715723
mz initial #5
mz initial #6 loss=-0.9995432410918149
mz initial #7
mz initial #8
mz initial #9
mz initial #10
DONE WITH FIRST FIT
py initial #1 loss=-0.9997813534932791
py initial #2 loss=-0.9997821462293539
py initial #3
py initial #4
py initial #5 loss=-0.9998195764112088
py initial #6
py initial #7 loss=-0.9998373736633082
py initial #8
py initial #9
py initial #10
DONE WITH FIRST FIT
ut initial #1 loss=-0.9996980752031338
ut initial #2 loss=-0.9997913052707421
ut initial #3
ut initial #4
ut initial #5
ut initial #6
ut initial #7
ut initial #8 loss=-0.9997950712034389
ut initial #9
ut initial #10
DONE WITH FIRST FIT
ml initial #1 loss=-0.9993625398792891
ml initial #2
ml initial #3 loss=-0.9994279158751498
ml initial #4
ml initial #5
ml initial #6
ml initial #7
ml initial #8
ml initial #9
ml initial #10
DONE WITH FIRST FIT
tn initial #1 loss=-0.99979337180044
tn initial #2
tn initial #3 loss=-0.9998700422877065
tn initial #4
tn initial #5
tn initial #6
tn initial #7 loss=-0.999903324764948
tn initial #8
tn initial #9
tn initial #10
DONE WITH FIRST FIT
ar initial #1 loss=-0.9995198234629064
ar initial #2 loss=-0.9995527130471846
ar initial #3 loss=-0.9995654575654473
ar initial #4
ar initial #5
ar initial #6
ar initial #7
ar initial #8
ar initial #9
ar initial #10
DONE WITH FIRST FIT
kl initial #1 loss=-0.9997850864706453
kl initial #2
kl initial #3
kl initial #4
kl initial #5 loss=-0.9997969408113673
kl initial #6
kl initial #7
kl initial #8
kl initial #9
kl initial #10
DONE WITH FIRST FIT
ld initial #1 loss=-0.9980855675734014
ld initial #2
ld initial #3
ld initial #4
ld initial #5 loss=-0.998142481772406
ld initial #6
ld initial #7
ld initial #8
ld initial #9 loss=-0.9981644274886028
ld initial #10
DONE WITH FIRST FIT
dl initial #1 loss=-0.9998586002402063
dl initial #2
dl initial #3 loss=-0.9998904841325297
dl initial #4
dl initial #5
dl initial #6
dl initial #7
dl initial #8
dl initial #9 loss=-0.9999020699679445
dl initial #10
DONE WITH FIRST FIT
ch initial #1 loss=-0.9996200111583222
ch initial #2
ch initial #3
ch initial #4 loss=-0.9996961886943401
ch initial #5
ch initial #6
ch initial #7
ch initial #8
ch initial #9
ch initial #10
DONE WITH FIRST FIT
ga initial #1 loss=-0.9998322830369735
ga initial #2 loss=-0.999885931601617
ga initial #3
ga initial #4
ga initial #5 loss=-0.9998896070546471
ga initial #6
ga initial #7
ga initial #8
ga initial #9 loss=-0.9998969182902141
ga initial #10 loss=-0.999896933622567
DONE WITH FIRST FIT
la initial #1 loss=-0.9997002146071596
la initial #2 loss=-0.9997171516041297
la initial #3
la initial #4
la initial #5 loss=-0.9997428782312092
la initial #6
la initial #7
la initial #8
la initial #9
la initial #10
DONE WITH FIRST FIT
dn_dd initial #1 loss=-0.9945019435941208
dn_dd initial #2
dn_dd initial #3 loss=-0.9945060505977548
dn_dd initial #4
dn_dd initial #5
dn_dd initial #6
dn_dd initial #7
dn_dd initial #8
dn_dd initial #9
dn_dd initial #10
DONE WITH FIRST FIT
jk reopen #1 loss=-0.998958779475305
jk reopen #2
jk reopen #3
jk reopen #4
jk reopen #5
jk reopen #6
jk reopen #7
jk reopen #8
jk reopen #9
jk reopen #10
271.3 minutes in total for jk

mp reopen #1 loss=-0.98119163013706
mp reopen #2
mp reopen #3
mp reopen #4
mp reopen #5
mp reopen #6
mp reopen #7
mp reopen #8
mp reopen #9
mp reopen #10
279.0 minutes in total for mp

ap reopen #1 loss=-0.9996194170122721
ap reopen #2 loss=-0.9996194170190748
ap reopen #3
ap reopen #4 loss=-0.999619417019294
ap reopen #5
ap reopen #6
ap reopen #7
ap reopen #8
ap reopen #9
ap reopen #10
282.5 minutes in total for ap

wb reopen #1 loss=-0.9942380673985087
wb reopen #2
wb reopen #3
wb reopen #4
wb reopen #5
wb reopen #6
wb reopen #7
wb reopen #8
wb reopen #9
wb reopen #10
279.1 minutes in total for wb

gj reopen #1 loss=-0.998693128520483
gj reopen #2
gj reopen #3
gj reopen #4
gj reopen #5
gj reopen #6
gj reopen #7
gj reopen #8
gj reopen #9
gj reopen #10
285.5 minutes in total for gj

jh reopen #1 loss=-0.9993346639581582
jh reopen #2
jh reopen #3
jh reopen #4
jh reopen #5
jh reopen #6
jh reopen #7
jh reopen #8
jh reopen #9
jh reopen #10
285.9 minutes in total for jh

or reopen #1 loss=-0.9776525297864685
or reopen #2
or reopen #3
or reopen #4
or reopen #5
or reopen #6
or reopen #7
or reopen #8
or reopen #9
or reopen #10
286.3 minutes in total for or

pb reopen #1 loss=-0.9857165063036339
pb reopen #2
pb reopen #3
pb reopen #4
pb reopen #5
pb reopen #6
pb reopen #7
pb reopen #8
pb reopen #9
pb reopen #10
287.3 minutes in total for pb

ct reopen #1 loss=-0.9998085667615787
ct reopen #2 loss=-0.9998085667811607
ct reopen #3
ct reopen #4
ct reopen #5
ct reopen #6
ct reopen #7
ct reopen #8
ct reopen #9
ct reopen #10
288.1 minutes in total for ct

sk reopen #1 loss=-0.9628266030802832
sk reopen #2
sk reopen #3
sk reopen #4
sk reopen #5
sk reopen #6
sk reopen #7
sk reopen #8
sk reopen #9
sk reopen #10
288.9 minutes in total for sk

as reopen #1 loss=-0.9983808556348339
as reopen #2
as reopen #3 loss=-0.998380855636268
as reopen #4
as reopen #5 loss=-0.9983808556380435
as reopen #6 loss=-0.998380855638073
as reopen #7
as reopen #8
as reopen #9
as reopen #10
289.8 minutes in total for as

hr reopen #1 loss=-0.997059370894432
hr reopen #2
hr reopen #3
hr reopen #4
hr reopen #5
hr reopen #6
hr reopen #7
hr reopen #8
hr reopen #9
hr reopen #10
289.8 minutes in total for hr

rj reopen #1 loss=-0.9960441896322744
rj reopen #2
rj reopen #3
rj reopen #4
rj reopen #5
rj reopen #6
rj reopen #7
rj reopen #8
rj reopen #9
rj reopen #10
290.2 minutes in total for rj

hp reopen #1 loss=-0.9982843224906208
hp reopen #2
hp reopen #3
hp reopen #4
hp reopen #5
hp reopen #6
hp reopen #7
hp reopen #8
hp reopen #9
hp reopen #10
290.4 minutes in total for hp

mn reopen #1 loss=-0.9839865672846623
mn reopen #2
mn reopen #3
mn reopen #4
mn reopen #5
mn reopen #6
mn reopen #7
mn reopen #8
mn reopen #9
mn reopen #10
294.9 minutes in total for mn

nl reopen #1 loss=-0.9854282399757036
nl reopen #2
nl reopen #3
nl reopen #4
nl reopen #5 loss=-0.9854282399757037
nl reopen #6
nl reopen #7
nl reopen #8
nl reopen #9
nl reopen #10
295.1 minutes in total for nl

ka reopen #1 loss=-0.998658257158986
ka reopen #2
ka reopen #3
ka reopen #4 loss=-0.9986582587856507
ka reopen #5
ka reopen #6
ka reopen #7
ka reopen #8
ka reopen #9
ka reopen #10
295.8 minutes in total for ka

tg reopen #1 loss=-0.9999073883688996
tg reopen #2
tg reopen #3
tg reopen #4
tg reopen #5
tg reopen #6
tg reopen #7
tg reopen #8
tg reopen #9
tg reopen #10
296.2 minutes in total for tg

up reopen #1 loss=-0.99761910671592
up reopen #2
up reopen #3
up reopen #4
up reopen #5
up reopen #6
up reopen #7
up reopen #8
up reopen #9
up reopen #10
297.7 minutes in total for up

mh reopen #1 loss=-0.9996218614536933
mh reopen #2
mh reopen #3 loss=-0.9996218615064154
mh reopen #4 loss=-0.9996218615491803
mh reopen #5
mh reopen #6
mh reopen #7
mh reopen #8
mh reopen #9
mh reopen #10
298.3 minutes in total for mh

tr reopen #1 loss=-0.9878349198091382
tr reopen #2 loss=-0.9878349198102278
tr reopen #3
tr reopen #4
tr reopen #5
tr reopen #6
tr reopen #7
tr reopen #8
tr reopen #9
tr reopen #10
298.4 minutes in total for tr

br reopen #1 loss=-0.9894925657868661
br reopen #2
br reopen #3
br reopen #4
br reopen #5
br reopen #6
br reopen #7
br reopen #8
br reopen #9
br reopen #10
298.6 minutes in total for br

py reopen #1 loss=-0.9978961419123145
py reopen #2
py reopen #3 loss=-0.9978961419465886
py reopen #4
py reopen #5
py reopen #6
py reopen #7
py reopen #8
py reopen #9
py reopen #10 loss=-0.9978961419484289
299.7 minutes in total for py

an reopen #1 loss=-0.9284824051212278
an reopen #2 loss=-0.9284824051851838
an reopen #3
an reopen #4
an reopen #5 loss=-0.9284824051864135
an reopen #6
an reopen #7
an reopen #8
an reopen #9 loss=-0.9284824051955611
an reopen #10
295.6 minutes in total for an

mz reopen #1 loss=-0.9060812286963623
mz reopen #2
mz reopen #3
mz reopen #4
mz reopen #5
mz reopen #6
mz reopen #7
mz reopen #8
mz reopen #9
mz reopen #10
299.4 minutes in total for mz

ut reopen #1 loss=-0.99823877614127
ut reopen #2
ut reopen #3
ut reopen #4
ut reopen #5
ut reopen #6
ut reopen #7
ut reopen #8
ut reopen #9
ut reopen #10
299.7 minutes in total for ut

tn reopen #1 loss=-0.9119721277088462
tn reopen #2
tn reopen #3
tn reopen #4
tn reopen #5
tn reopen #6
tn reopen #7
tn reopen #8
tn reopen #9
tn reopen #10
300.2 minutes in total for tn

ml reopen #1 loss=-0.9878743676219075
ml reopen #2 loss=-0.9878743676281939
ml reopen #3 loss=-0.9878743676484447
ml reopen #4 loss=-0.987874367651044
ml reopen #5 loss=-0.9878743676540737
ml reopen #6
ml reopen #7
ml reopen #8
ml reopen #9
ml reopen #10
300.5 minutes in total for ml

ar reopen #1 loss=-0.998242203275725
ar reopen #2
ar reopen #3
ar reopen #4
ar reopen #5
ar reopen #6
ar reopen #7
ar reopen #8 loss=-0.9982422032886997
ar reopen #9
ar reopen #10
300.7 minutes in total for ar

ld reopen #1 loss=-0.786362851570294
ld reopen #2
ld reopen #3
ld reopen #4
ld reopen #5
ld reopen #6
ld reopen #7
ld reopen #8
ld reopen #9
ld reopen #10
300.8 minutes in total for ld

kl reopen #1 loss=-0.9932984658410591
kl reopen #2 loss=-0.9932986369604508
kl reopen #3
kl reopen #4
kl reopen #5
kl reopen #6
kl reopen #7
kl reopen #8
kl reopen #9
kl reopen #10
301.1 minutes in total for kl

dl reopen #1 loss=-0.999895949276487
dl reopen #2
dl reopen #3
dl reopen #4
dl reopen #5
dl reopen #6
dl reopen #7
dl reopen #8
dl reopen #9
dl reopen #10
301.2 minutes in total for dl

ch reopen #1 loss=-0.9973361499989638
ch reopen #2
ch reopen #3
ch reopen #4
ch reopen #5
ch reopen #6
ch reopen #7
ch reopen #8
ch reopen #9
ch reopen #10
301.2 minutes in total for ch

ga reopen #1 loss=-0.9998590224508628
ga reopen #2
ga reopen #3 loss=-0.9998590227780144
ga reopen #4
ga reopen #5
ga reopen #6
ga reopen #7
ga reopen #8
ga reopen #9
ga reopen #10
301.7 minutes in total for ga

la reopen #1 loss=-0.9417875956803209
la reopen #2
la reopen #3
la reopen #4
la reopen #5
la reopen #6
la reopen #7
la reopen #8
la reopen #9
la reopen #10
302.2 minutes in total for la

dn_dd reopen #1 loss=-0.9847059886396171
dn_dd reopen #2
dn_dd reopen #3
dn_dd reopen #4
dn_dd reopen #5
dn_dd reopen #6
dn_dd reopen #7
dn_dd reopen #8
dn_dd reopen #9
dn_dd reopen #10
307.4 minutes in total for dn_dd

307.408 minutes for all states ending on 2021-08-11
