kl

MT fitting init kl
rj

MT fitting init rj
mh

MT fitting init mh
gj

MT fitting init gj
ch

MT fitting init ch
ct

MT fitting init ct
mn

MT fitting init mn
mz

MT fitting init mz
as

MT fitting init as
nl

MT fitting init nl
sk

MT fitting init sk
ld

MT fitting init ld
la

MT fitting init la
ka

MT fitting init ka
up

MT fitting init up
jk

MT fitting init jk
ut

MT fitting init ut
dl

MT fitting init dl
pb

MT fitting init pb
ar

MT fitting init ar
ap

MT fitting init ap
or

MT fitting init or
hp

MT fitting init hp
tn

MT fitting init tn
mp

MT fitting init mp
br

MT fitting init br
an

MT fitting init an
tr

MT fitting init tr
jh

MT fitting init jh
dn_dd

MT fitting init dn_dd
ga

MT fitting init ga
ml

MT fitting init ml
hr

MT fitting init hr
tg

MT fitting init tg
wb

MT fitting init wb
py

MT fitting init py
fit init # 9 tr
fit init # 6 tr
fit init # 8 tr
fit init # 4 tr
fit init # 7 tr
fit init # 0 tr
fit init # 1 tr
fit init # 3 tr
fit init # 2 tr
fit init # 5 tr
tr initial #1 loss=-0.9588625248563455
tr initial #2
tr initial #3
tr initial #4 loss=-0.9588913302368013
tr initial #5 loss=-0.9588945346390852
tr initial #6
tr initial #7
tr initial #8
tr initial #9
tr initial #10
DONE WITH FIRST FIT tr
MT fitting reopen tr
fit init # 3 dn_dd
fit init # 5 dn_dd
fit init # 9 dn_dd
fit init # 2 dn_dd
fit init # 1 dn_dd
fit init # 0 dn_dd
fit init # 4 dn_dd
fit init # 8 dn_dd
fit init # 6 dn_dd
fit init # 7 dn_dd
dn_dd initial #1 loss=-0.8931910231304497
dn_dd initial #2 loss=-0.8944176655631533
dn_dd initial #3
dn_dd initial #4
dn_dd initial #5
dn_dd initial #6
dn_dd initial #7
dn_dd initial #8
dn_dd initial #9
dn_dd initial #10
DONE WITH FIRST FIT dn_dd
MT fitting reopen dn_dd
fit init # 9 mz
fit init # 5 mz
fit init # 8 mz
fit init # 2 mz
fit init # 3 mz
fit init # 4 mz
fit init # 0 mz
fit init # 6 mz
fit init # 7 mz
fit init # 1 mz
mz initial #1 loss=-0.9206792752181993
mz initial #2 loss=-0.9209195710521473
mz initial #3 loss=-0.9212013146090172
mz initial #4
mz initial #5 loss=-0.9213459310786278
mz initial #6 loss=-0.9216009063244425
mz initial #7
mz initial #8
mz initial #9
mz initial #10 loss=-0.9218013022915776
DONE WITH FIRST FIT mz
MT fitting reopen mz
fit reopen # 7 tr
fit reopen # 5 tr
fit reopen # 4 tr
fit reopen # 3 tr
fit reopen # 2 tr
fit reopen # 6 tr
fit reopen # 9 tr
fit reopen # 1 tr
fit reopen # 0 tr
fit reopen # 8 tr
fit reopen # 9 dn_dd
fit reopen # 7 dn_dd
fit reopen # 8 dn_dd
fit reopen # 1 dn_dd
fit reopen # 6 dn_dd
fit reopen # 0 dn_dd
fit reopen # 2 dn_dd
fit reopen # 5 dn_dd
fit reopen # 3 dn_dd
fit reopen # 4 dn_dd
fit init # 8 or
fit init # 9 or
fit init # 5 or
fit init # 2 or
fit init # 6 or
fit init # 3 or
fit init # 7 or
fit init # 1 or
fit init # 0 or
fit init # 4 or
or initial #1 loss=-0.9902124168175321
or initial #2
or initial #3 loss=-0.9904577570745905
or initial #4
or initial #5
or initial #6
or initial #7
or initial #8
or initial #9
or initial #10 loss=-0.9905430068636732
DONE WITH FIRST FIT or
MT fitting reopen or
fit reopen # 4 mz
fit reopen # 1 mz
fit reopen # 9 mz
fit reopen # 3 mz
fit reopen # 2 mz
fit reopen # 0 mz
fit reopen # 7 mz
fit reopen # 8 mz
fit reopen # 5 mz
fit reopen # 6 mz
fit init # 2 py
fit init # 7 py
fit init # 0 py
fit init # 9 py
fit init # 1 py
fit init # 6 py
fit init # 4 py
fit init # 3 py
fit init # 8 py
fit init # 5 py
py initial #1 loss=-0.9816545687200909
py initial #2
py initial #3
py initial #4
py initial #5
py initial #6
py initial #7
py initial #8
py initial #9
py initial #10
DONE WITH FIRST FIT py
MT fitting reopen py
fit init # 8 nl
fit init # 9 nl
fit init # 6 nl
fit init # 4 nl
fit init # 2 nl
fit init # 3 nl
fit init # 5 nl
fit init # 0 nl
fit init # 1 nl
fit init # 7 nl
nl initial #1 loss=-0.9535079681751522
nl initial #2 loss=-0.9538374875846674
nl initial #3
nl initial #4
nl initial #5
nl initial #6
nl initial #7
nl initial #8
nl initial #9
nl initial #10
DONE WITH FIRST FIT nl
MT fitting reopen nl
fit reopen # 9 or
fit reopen # 6 or
fit reopen # 0 or
fit reopen # 8 or
fit reopen # 2 or
fit reopen # 3 or
fit reopen # 5 or
fit reopen # 7 or
fit reopen # 4 or
fit reopen # 1 or
fit reopen # 6 py
fit reopen # 9 py
fit reopen # 2 py
fit reopen # 7 py
fit reopen # 8 py
fit reopen # 5 py
fit reopen # 4 py
fit reopen # 3 py
fit reopen # 0 py
fit reopen # 1 py
fit init # 8 wb
fit init # 0 wb
fit init # 1 wb
fit init # 7 wb
fit init # 9 wb
fit init # 4 wb
fit init # 2 wb
fit init # 6 wb
fit init # 3 wb
fit init # 5 wb
wb initial #1 loss=-0.9924311342002788
wb initial #2 loss=-0.9927828545041714
wb initial #3
wb initial #4
wb initial #5
wb initial #6
wb initial #7 loss=-0.992815335543038
wb initial #8
wb initial #9
wb initial #10
DONE WITH FIRST FIT wb
MT fitting reopen wb
fit init # 9 ct
fit init # 1 ct
fit init # 2 ct
fit init # 4 ct
fit init # 6 ct
fit init # 3 ct
fit init # 8 ct
fit init # 7 ct
fit init # 0 ct
fit init # 5 ct
ct initial #1 loss=-0.9834582830897487
ct initial #2
ct initial #3 loss=-0.9839737056918023
ct initial #4 loss=-0.9843508211799725
ct initial #5 loss=-0.9847586334029474
ct initial #6
ct initial #7
ct initial #8
ct initial #9
ct initial #10
DONE WITH FIRST FIT ct
MT fitting reopen ct
fit reopen # 6 nl
fit reopen # 1 nl
fit reopen # 9 nl
fit reopen # 4 nl
fit reopen # 0 nl
fit reopen # 5 nl
fit reopen # 2 nl
fit reopen # 3 nl
fit reopen # 8 nl
fit reopen # 7 nl
fit init # 4 mn
fit init # 7 mn
fit init # 3 mn
fit init # 1 mn
fit init # 8 mn
fit init # 5 mn
fit init # 6 mn
fit init # 9 mn
fit init # 0 mn
fit init # 2 mn
mn initial #1 loss=-0.9761811905465021
mn initial #2 loss=-0.9772447013933206
mn initial #3 loss=-0.9777306895295161
mn initial #4
mn initial #5
mn initial #6 loss=-0.9777723267858689
mn initial #7
mn initial #8
mn initial #9
mn initial #10
DONE WITH FIRST FIT mn
MT fitting reopen mn
fit init # 9 as
fit init # 8 as
fit init # 3 as
fit init # 1 as
fit init # 6 as
fit init # 2 as
fit init # 7 as
fit init # 0 as
fit init # 5 as
fit init # 4 as
as initial #1 loss=-0.9807243435184733
as initial #2
as initial #3
as initial #4
as initial #5
as initial #6 loss=-0.980752762944586
as initial #7
as initial #8
as initial #9
as initial #10
DONE WITH FIRST FIT as
MT fitting reopen as
fit init # 2 ar
fit init # 4 ar
fit init # 5 ar
fit init # 8 ar
fit init # 9 ar
fit init # 7 ar
fit init # 1 ar
fit init # 3 ar
fit init # 0 ar
fit init # 6 ar
ar initial #1 loss=-0.9505410502917685
ar initial #2 loss=-0.9505622410123731
ar initial #3 loss=-0.9505681992936927
ar initial #4
ar initial #5
ar initial #6
ar initial #7
ar initial #8
ar initial #9
ar initial #10
DONE WITH FIRST FIT ar
MT fitting reopen ar
fit reopen # 8 wb
fit reopen # 4 wb
fit reopen # 3 wb
fit reopen # 1 wb
fit reopen # 6 wb
fit reopen # 5 wb
fit reopen # 2 wb
fit reopen # 7 wb
fit reopen # 0 wb
fit reopen # 9 wb
fit reopen # 7 mn
fit reopen # 8 mn
fit reopen # 1 mn
fit reopen # 5 mn
fit reopen # 0 mn
fit reopen # 4 mn
fit reopen # 6 mn
fit reopen # 2 mn
fit reopen # 9 mn
fit reopen # 3 mn
fit reopen # 8 ct
fit reopen # 2 ct
fit reopen # 1 ct
fit reopen # 0 ct
fit reopen # 6 ct
fit reopen # 5 ct
fit reopen # 7 ct
fit reopen # 4 ct
fit reopen # 3 ct
fit reopen # 9 ct
fit init # 6 sk
fit init # 1 sk
fit init # 9 sk
fit init # 8 sk
fit init # 2 sk
fit init # 7 sk
fit init # 3 sk
fit init # 0 sk
fit init # 4 sk
fit init # 5 sk
sk initial #1 loss=-0.9220611589696942
sk initial #2 loss=-0.9220615529100518
sk initial #3
sk initial #4
sk initial #5
sk initial #6
sk initial #7
sk initial #8
sk initial #9
sk initial #10 loss=-0.9221010098588757
DONE WITH FIRST FIT sk
MT fitting reopen sk
fit reopen # 6 ar
fit reopen # 5 ar
fit reopen # 1 ar
fit reopen # 0 ar
fit reopen # 8 ar
fit reopen # 2 ar
fit reopen # 3 ar
fit reopen # 9 ar
fit reopen # 7 ar
fit reopen # 4 ar
fit reopen # 1 as
fit reopen # 0 as
fit reopen # 9 as
fit reopen # 6 as
fit reopen # 7 as
fit reopen # 4 as
fit reopen # 2 as
fit reopen # 8 as
fit reopen # 5 as
fit reopen # 3 as
fit init # 9 la
fit init # 8 la
fit init # 6 la
fit init # 5 la
fit init # 4 la
fit init # 0 la
fit init # 3 la
fit init # 1 la
fit init # 7 la
fit init # 2 la
la initial #1 loss=-0.8724333576646206
la initial #2
la initial #3 loss=-0.8724460755004003
la initial #4 loss=-0.8724599785325302
la initial #5
la initial #6
la initial #7
la initial #8
la initial #9
la initial #10
DONE WITH FIRST FIT la
MT fitting reopen la
fit reopen # 4 sk
fit reopen # 6 sk
fit reopen # 3 sk
fit reopen # 2 sk
fit reopen # 1 sk
fit reopen # 7 sk
fit reopen # 0 sk
fit reopen # 5 sk
fit reopen # 9 sk
fit reopen # 8 sk
fit init # 0 tg
fit init # 6 tg
fit init # 1 tg
fit init # 3 tg
fit init # 5 tg
fit init # 9 tg
fit init # 2 tg
fit init # 7 tg
fit init # 8 tg
fit init # 4 tg
tg initial #1 loss=-0.9843113468922471
tg initial #2
tg initial #3
tg initial #4
tg initial #5
tg initial #6
tg initial #7
tg initial #8
tg initial #9
tg initial #10
DONE WITH FIRST FIT tg
MT fitting reopen tg
fit init # 9 ap
fit init # 8 ap
fit init # 4 ap
fit init # 6 ap
fit init # 3 ap
fit init # 0 ap
fit init # 2 ap
fit init # 1 ap
fit init # 5 ap
fit init # 7 ap
ap initial #1 loss=-0.9864327464910776
ap initial #2 loss=-0.9867111171183522
ap initial #3 loss=-0.9869120032508938
ap initial #4 loss=-0.9871111697228738
ap initial #5
ap initial #6
ap initial #7
ap initial #8
ap initial #9
ap initial #10
DONE WITH FIRST FIT ap
MT fitting reopen ap
fit reopen # 0 la
fit reopen # 2 la
fit reopen # 3 la
fit reopen # 8 la
fit reopen # 4 la
fit reopen # 1 la
fit reopen # 7 la
fit reopen # 6 la
fit reopen # 9 la
fit reopen # 5 la
fit init # 8 dl
fit init # 5 dl
fit init # 7 dl
fit init # 6 dl
fit init # 2 dl
fit init # 4 dl
fit init # 9 dl
fit init # 0 dl
fit init # 3 dl
fit init # 1 dl
dl initial #1 loss=-0.9827963741227725
dl initial #2 loss=-0.9831505673479055
dl initial #3 loss=-0.9836738603559212
dl initial #4
dl initial #5 loss=-0.9839345444803187
dl initial #6
dl initial #7 loss=-0.9839439727652958
dl initial #8
dl initial #9 loss=-0.9839532257538415
dl initial #10
DONE WITH FIRST FIT dl
MT fitting reopen dl
fit init # 4 hr
fit init # 0 hr
fit init # 6 hr
fit init # 7 hr
fit init # 2 hr
fit init # 9 hr
fit init # 1 hr
fit init # 8 hr
fit init # 3 hr
fit init # 5 hr
hr initial #1 loss=-0.9857387447014597
hr initial #2 loss=-0.985796899025577
hr initial #3
hr initial #4
hr initial #5 loss=-0.986371923411836
hr initial #6
hr initial #7
hr initial #8
hr initial #9
hr initial #10
DONE WITH FIRST FIT hr
MT fitting reopen hr
fit init # 1 jk
fit init # 5 jk
fit init # 3 jk
fit init # 7 jk
fit init # 2 jk
fit init # 8 jk
fit init # 9 jk
fit init # 0 jk
fit init # 4 jk
fit init # 6 jk
jk initial #1 loss=-0.9867496968584248
jk initial #2
jk initial #3
jk initial #4
jk initial #5
jk initial #6
jk initial #7
jk initial #8
jk initial #9
jk initial #10
DONE WITH FIRST FIT jk
MT fitting reopen jk
fit reopen # 6 ap
fit reopen # 0 ap
fit reopen # 5 ap
fit reopen # 7 ap
fit reopen # 3 ap
fit reopen # 2 ap
fit reopen # 1 ap
fit reopen # 8 ap
fit reopen # 4 ap
fit reopen # 9 ap
fit reopen # 5 tg
fit reopen # 4 tg
fit reopen # 2 tg
fit reopen # 1 tg
fit reopen # 7 tg
fit reopen # 0 tg
fit reopen # 8 tg
fit reopen # 9 tg
fit reopen # 3 tg
fit reopen # 6 tg
fit init # 8 br
fit init # 3 br
fit init # 5 br
fit init # 7 br
fit init # 4 br
fit init # 9 br
fit init # 0 br
fit init # 2 br
fit init # 6 br
fit init # 1 br
br initial #1 loss=-0.9386056666833694
br initial #2
br initial #3
br initial #4
br initial #5
br initial #6 loss=-0.9403839826595125
br initial #7
br initial #8 loss=-0.9404369075027759
br initial #9
br initial #10
DONE WITH FIRST FIT br
MT fitting reopen br
fit reopen # 8 dl
fit reopen # 2 dl
fit reopen # 1 dl
fit reopen # 3 dl
fit reopen # 7 dl
fit reopen # 0 dl
fit reopen # 6 dl
fit reopen # 4 dl
fit reopen # 5 dl
fit reopen # 9 dl
fit init # 3 an
fit init # 5 an
fit init # 6 an
fit init # 7 an
fit init # 8 an
fit init # 0 an
fit init # 1 an
fit init # 9 an
fit init # 2 an
fit init # 4 an
an initial #1 loss=-0.9161052822306255
an initial #2
an initial #3
an initial #4
an initial #5
an initial #6
an initial #7
an initial #8
an initial #9
an initial #10
DONE WITH FIRST FIT an
MT fitting reopen an
fit reopen # 6 jk
fit reopen # 5 jk
fit reopen # 2 jk
fit reopen # 0 jk
fit reopen # 4 jk
fit reopen # 1 jk
fit reopen # 9 jk
fit reopen # 3 jk
fit reopen # 7 jk
fit reopen # 8 jk
fit reopen # 3 hr
fit reopen # 5 hr
fit reopen # 9 hr
fit reopen # 8 hr
fit reopen # 6 hr
fit reopen # 4 hr
fit reopen # 1 hr
fit reopen # 7 hr
fit reopen # 2 hr
fit reopen # 0 hr
fit reopen # 3 an
fit reopen # 9 an
fit reopen # 6 an
fit reopen # 5 an
fit reopen # 1 an
fit reopen # 0 an
fit reopen # 4 an
fit reopen # 2 an
fit reopen # 7 an
fit reopen # 8 an
fit reopen # 0 br
fit reopen # 5 br
fit reopen # 8 br
fit reopen # 3 br
fit reopen # 4 br
fit reopen # 7 br
fit reopen # 1 br
fit reopen # 2 br
fit reopen # 6 br
fit reopen # 9 br
fit init # 5 ml
fit init # 3 ml
fit init # 7 ml
fit init # 9 ml
fit init # 6 ml
fit init # 2 ml
fit init # 1 ml
fit init # 4 ml
fit init # 8 ml
fit init # 0 ml
ml initial #1 loss=-0.9700859334314849
ml initial #2
ml initial #3
ml initial #4 loss=-0.9703297716982384
ml initial #5 loss=-0.9703986275685091
ml initial #6
ml initial #7
ml initial #8
ml initial #9 loss=-0.970757569258489
ml initial #10
DONE WITH FIRST FIT ml
MT fitting reopen ml
fit init # 7 ga
fit init # 4 ga
fit init # 9 ga
fit init # 6 ga
fit init # 2 ga
fit init # 5 ga
fit init # 0 ga
fit init # 3 ga
fit init # 8 ga
fit init # 1 ga
ga initial #1 loss=-0.9644109157221006
ga initial #2
ga initial #3
ga initial #4
ga initial #5 loss=-0.9644175536609627
ga initial #6
ga initial #7 loss=-0.9644586003902369
ga initial #8
ga initial #9
ga initial #10
DONE WITH FIRST FIT ga
MT fitting reopen ga
fit init # 9 ut
fit init # 6 ut
fit init # 5 ut
fit init # 7 ut
fit init # 3 ut
fit init # 1 ut
fit init # 4 ut
fit init # 0 ut
fit init # 8 ut
fit init # 2 ut
ut initial #1 loss=-0.9741827665549817
ut initial #2 loss=-0.9744798540197075
ut initial #3
ut initial #4 loss=-0.9745378592676636
ut initial #5
ut initial #6
ut initial #7
ut initial #8
ut initial #9
ut initial #10
DONE WITH FIRST FIT ut
MT fitting reopen ut
fit init # 0 tn
fit init # 8 tn
fit init # 3 tn
fit init # 9 tn
fit init # 5 tn
fit init # 1 tn
fit init # 4 tn
fit init # 7 tn
fit init # 2 tn
fit init # 6 tn
tn initial #1 loss=-0.9955626383576643
tn initial #2 loss=-0.9962241515602832
tn initial #3
tn initial #4
tn initial #5
tn initial #6
tn initial #7
tn initial #8 loss=-0.9962678151688136
tn initial #9
tn initial #10 loss=-0.9964489219022964
DONE WITH FIRST FIT tn
MT fitting reopen tn
fit init # 4 jh
fit init # 5 jh
fit init # 1 jh
fit init # 3 jh
fit init # 8 jh
fit init # 2 jh
fit init # 7 jh
fit init # 0 jh
fit init # 9 jh
fit init # 6 jh
jh initial #1 loss=-0.9764430002831405
jh initial #2
jh initial #3 loss=-0.9777013074349166
jh initial #4 loss=-0.9778260958618623
jh initial #5
jh initial #6
jh initial #7
jh initial #8
jh initial #9 loss=-0.9779289094607779
jh initial #10 loss=-0.9780113361253785
DONE WITH FIRST FIT jh
MT fitting reopen jh
fit reopen # 0 ml
fit reopen # 3 ml
fit reopen # 2 ml
fit reopen # 6 ml
fit reopen # 4 ml
fit reopen # 8 ml
fit reopen # 9 ml
fit reopen # 7 ml
fit reopen # 5 ml
fit reopen # 1 ml
fit init # 9 gj
fit init # 7 gj
fit init # 5 gj
fit init # 3 gj
fit init # 1 gj
fit init # 6 gj
fit init # 8 gj
fit init # 4 gj
fit init # 2 gj
fit init # 0 gj
gj initial #1 loss=-0.9894569275979981
gj initial #2 loss=-0.9896911119539995
gj initial #3
gj initial #4
gj initial #5
gj initial #6
gj initial #7 loss=-0.9897000264961615
gj initial #8
gj initial #9 loss=-0.9897640280893601
gj initial #10 loss=-0.9899761166225554
DONE WITH FIRST FIT gj
MT fitting reopen gj
fit init # 8 mp
fit init # 6 mp
fit init # 7 mp
fit init # 1 mp
fit init # 9 mp
fit init # 5 mp
fit init # 2 mp
fit init # 3 mp
fit init # 0 mp
fit init # 4 mp
mp initial #1 loss=-0.9879500588508847
mp initial #2
mp initial #3
mp initial #4
mp initial #5
mp initial #6 loss=-0.9880071582219756
mp initial #7
mp initial #8
mp initial #9
mp initial #10
DONE WITH FIRST FIT mp
MT fitting reopen mp
fit reopen # 2 ga
fit reopen # 8 ga
fit reopen # 3 ga
fit reopen # 4 ga
fit reopen # 5 ga
fit reopen # 7 ga
fit reopen # 0 ga
fit reopen # 1 ga
fit reopen # 9 ga
fit reopen # 6 ga
fit reopen # 8 ut
fit reopen # 1 ut
fit reopen # 6 ut
fit reopen # 0 ut
fit reopen # 3 ut
fit reopen # 4 ut
fit reopen # 9 ut
fit reopen # 2 ut
fit reopen # 5 ut
fit reopen # 7 ut
fit init # 1 ka
fit init # 0 ka
fit init # 8 ka
fit init # 4 ka
fit init # 2 ka
fit init # 3 ka
fit init # 5 ka
fit init # 6 ka
fit init # 9 ka
fit init # 7 ka
ka initial #1 loss=-0.9913467518087921
ka initial #2
ka initial #3 loss=-0.9913666295841616
ka initial #4
ka initial #5 loss=-0.9913960987870104
ka initial #6
ka initial #7
ka initial #8
ka initial #9
ka initial #10
DONE WITH FIRST FIT ka
MT fitting reopen ka
fit reopen # 0 tn
fit reopen # 6 tn
fit reopen # 8 tn
fit reopen # 9 tn
fit reopen # 2 tn
fit reopen # 1 tn
fit reopen # 7 tn
fit reopen # 5 tn
fit reopen # 4 tn
fit reopen # 3 tn
fit reopen # 7 jh
fit reopen # 1 jh
fit reopen # 3 jh
fit reopen # 0 jh
fit reopen # 4 jh
fit reopen # 2 jh
fit reopen # 5 jh
fit reopen # 9 jh
fit reopen # 8 jh
fit reopen # 6 jh
fit reopen # 6 gj
fit reopen # 2 gj
fit reopen # 7 gj
fit reopen # 3 gj
fit reopen # 5 gj
fit reopen # 9 gj
fit reopen # 0 gj
fit reopen # 4 gj
fit reopen # 8 gj
fit reopen # 1 gj
fit reopen # 2 mp
fit reopen # 1 mp
fit reopen # 5 mp
fit reopen # 4 mp
fit reopen # 7 mp
fit reopen # 3 mp
fit reopen # 0 mp
fit reopen # 8 mp
fit reopen # 9 mp
fit reopen # 6 mp
fit init # 6 up
fit init # 5 up
fit init # 4 up
fit init # 2 up
fit init # 9 up
fit init # 7 up
fit init # 8 up
fit init # 3 up
fit init # 1 up
fit init # 0 up
up initial #1 loss=-0.9882752827252471
up initial #2
up initial #3
up initial #4
up initial #5
up initial #6 loss=-0.9883299354290839
up initial #7
up initial #8
up initial #9 loss=-0.9885056086074934
up initial #10
DONE WITH FIRST FIT up
MT fitting reopen up
fit init # 8 hp
fit init # 3 hp
fit init # 5 hp
fit init # 6 hp
fit init # 9 hp
fit init # 0 hp
fit init # 7 hp
fit init # 1 hp
fit init # 4 hp
fit init # 2 hp
hp initial #1 loss=-0.9672651661863662
hp initial #2
hp initial #3
hp initial #4 loss=-0.9678738911750614
hp initial #5
hp initial #6
hp initial #7
hp initial #8 loss=-0.9680351050890783
hp initial #9
hp initial #10 loss=-0.9682912396341772
DONE WITH FIRST FIT hp
MT fitting reopen hp
fit init # 7 rj
fit init # 9 rj
fit init # 4 rj
fit init # 3 rj
fit init # 5 rj
fit init # 6 rj
fit init # 0 rj
fit init # 2 rj
fit init # 1 rj
fit init # 8 rj
rj initial #1 loss=-0.9825661814727441
rj initial #2 loss=-0.9848695967081003
rj initial #3
rj initial #4 loss=-0.9852670830489787
rj initial #5
rj initial #6
rj initial #7
rj initial #8
rj initial #9
rj initial #10
DONE WITH FIRST FIT rj
MT fitting reopen rj
fit reopen # 2 ka
fit reopen # 5 ka
fit reopen # 4 ka
fit reopen # 1 ka
fit reopen # 6 ka
fit reopen # 3 ka
fit reopen # 0 ka
fit reopen # 8 ka
fit reopen # 7 ka
fit reopen # 9 ka
fit init # 2 pb
fit init # 9 pb
fit init # 6 pb
fit init # 3 pb
fit init # 7 pb
fit init # 4 pb
fit init # 5 pb
fit init # 0 pb
fit init # 8 pb
fit init # 1 pb
pb initial #1 loss=-0.9750000593130242
pb initial #2
pb initial #3 loss=-0.9757475552649771
pb initial #4
pb initial #5
pb initial #6
pb initial #7
pb initial #8
pb initial #9
pb initial #10
DONE WITH FIRST FIT pb
MT fitting reopen pb
fit reopen # 9 hp
fit reopen # 5 hp
fit reopen # 8 hp
fit reopen # 0 hp
fit reopen # 1 hp
fit reopen # 2 hp
fit reopen # 7 hp
fit reopen # 4 hp
fit reopen # 3 hp
fit reopen # 6 hp
fit reopen # 1 rj
fit reopen # 0 rj
fit reopen # 2 rj
fit reopen # 6 rj
fit reopen # 3 rj
fit reopen # 9 rj
fit reopen # 5 rj
fit reopen # 7 rj
fit reopen # 8 rj
fit reopen # 4 rj
fit reopen # 6 up
fit reopen # 7 up
fit reopen # 1 up
fit reopen # 4 up
fit reopen # 5 up
fit reopen # 8 up
fit reopen # 0 up
fit reopen # 2 up
fit reopen # 3 up
fit reopen # 9 up
fit reopen # 3 pb
fit reopen # 6 pb
fit reopen # 2 pb
fit reopen # 1 pb
fit reopen # 5 pb
fit reopen # 0 pb
fit reopen # 4 pb
fit reopen # 9 pb
fit reopen # 7 pb
fit reopen # 8 pb
fit init # 7 ld
fit init # 3 ld
fit init # 4 ld
fit init # 6 ld
fit init # 8 ld
fit init # 9 ld
fit init # 1 ld
fit init # 0 ld
fit init # 2 ld
fit init # 5 ld
ld initial #1 loss=-0.8726740742903156
ld initial #2
ld initial #3
ld initial #4
ld initial #5
ld initial #6
ld initial #7
ld initial #8
ld initial #9
ld initial #10
DONE WITH FIRST FIT ld
MT fitting reopen ld
fit init # 8 mh
fit init # 3 mh
fit init # 9 mh
fit init # 7 mh
fit init # 5 mh
fit init # 4 mh
fit init # 6 mh
fit init # 0 mh
fit init # 2 mh
fit init # 1 mh
mh initial #1 loss=-0.9800840193235918
mh initial #2
mh initial #3
mh initial #4
mh initial #5 loss=-0.9801893117399678
mh initial #6
mh initial #7 loss=-0.9802622652582091
mh initial #8
mh initial #9
mh initial #10
DONE WITH FIRST FIT mh
MT fitting reopen mh
fit init # 3 ch
fit init # 5 ch
fit init # 7 ch
fit init # 8 ch
fit init # 4 ch
fit init # 6 ch
fit init # 0 ch
fit init # 9 ch
fit init # 2 ch
fit init # 1 ch
ch initial #1 loss=-0.9660227783847897
ch initial #2 loss=-0.9662852448448769
ch initial #3
ch initial #4 loss=-0.96753995522263
ch initial #5
ch initial #6 loss=-0.9686357321855739
ch initial #7 loss=-0.9688372425192666
ch initial #8
ch initial #9
ch initial #10 loss=-0.968837872001088
DONE WITH FIRST FIT ch
MT fitting reopen ch
fit reopen # 8 ch
fit reopen # 2 ch
fit reopen # 5 ch
fit reopen # 4 ch
fit reopen # 7 ch
fit reopen # 9 ch
fit reopen # 0 ch
fit reopen # 6 ch
fit reopen # 3 ch
fit reopen # 1 ch
fit reopen # 1 mh
fit reopen # 7 mh
fit reopen # 8 mh
fit reopen # 3 mh
fit reopen # 2 mh
fit reopen # 6 mh
fit reopen # 4 mh
fit reopen # 5 mh
fit reopen # 9 mh
fit reopen # 0 mh
fit reopen # 8 ld
fit reopen # 0 ld
fit reopen # 6 ld
fit reopen # 7 ld
fit reopen # 4 ld
fit reopen # 2 ld
fit reopen # 9 ld
fit reopen # 3 ld
fit reopen # 5 ld
fit reopen # 1 ld
fit init # 8 kl
fit init # 2 kl
fit init # 9 kl
fit init # 1 kl
fit init # 4 kl
fit init # 5 kl
fit init # 0 kl
fit init # 7 kl
fit init # 3 kl
fit init # 6 kl
kl initial #1 loss=-0.9792695034695775
kl initial #2 loss=-0.9793093160610165
kl initial #3 loss=-0.9793233015887642
kl initial #4
kl initial #5 loss=-0.9793702124359212
kl initial #6 loss=-0.9793816871337716
kl initial #7 loss=-0.9793948782578346
kl initial #8
kl initial #9
kl initial #10
DONE WITH FIRST FIT kl
MT fitting reopen kl
fit reopen # 4 kl
fit reopen # 7 kl
fit reopen # 9 kl
fit reopen # 8 kl
fit reopen # 2 kl
fit reopen # 1 kl
fit reopen # 5 kl
fit reopen # 0 kl
fit reopen # 6 kl
fit reopen # 3 kl
tr reopen #1 loss=-0.5517378996009554
tr reopen #2
tr reopen #3 loss=-0.5517378996134825
tr reopen #4
tr reopen #5
tr reopen #6
tr reopen #7
tr reopen #8
tr reopen #9
tr reopen #10
DONE WITH REOPEN FIT tr
inside plot state = tr

621.3 minutes in total for tr

dn_dd reopen #1 loss=-0.492025131310921
dn_dd reopen #2 loss=-0.4920310166222329
dn_dd reopen #3
dn_dd reopen #4 loss=-0.4920310166326055
dn_dd reopen #5 loss=-0.4920310166331364
dn_dd reopen #6
dn_dd reopen #7
dn_dd reopen #8
dn_dd reopen #9
dn_dd reopen #10
DONE WITH REOPEN FIT dn_dd
inside plot state = dn_dd

625.7 minutes in total for dn_dd

mz reopen #1 loss=-0.4014264926484036
mz reopen #2
mz reopen #3
mz reopen #4
mz reopen #5
mz reopen #6
mz reopen #7
mz reopen #8
mz reopen #9
mz reopen #10
DONE WITH REOPEN FIT mz
inside plot state = mz

628.4 minutes in total for mz

or reopen #1 loss=-0.48715571523726714
or reopen #2
or reopen #3
or reopen #4 loss=-0.48715571523726725
or reopen #5
or reopen #6
or reopen #7
or reopen #8
or reopen #9
or reopen #10 loss=-0.4871557152372836
DONE WITH REOPEN FIT or
inside plot state = or

639.1 minutes in total for or

py reopen #1 loss=-0.5607057899927972
py reopen #2
py reopen #3
py reopen #4
py reopen #5 loss=-0.5607057899928312
py reopen #6
py reopen #7
py reopen #8
py reopen #9
py reopen #10
DONE WITH REOPEN FIT py
inside plot state = py

641.4 minutes in total for py

wb reopen #1 loss=-0.8824971139192959
wb reopen #2 loss=-0.8824971139197462
wb reopen #3
wb reopen #4 loss=-0.8824971139197763
wb reopen #5
wb reopen #6
wb reopen #7 loss=-0.8824971139197864
wb reopen #8
wb reopen #9 loss=-0.8824971139197894
wb reopen #10 loss=-0.8824971139197967
DONE WITH REOPEN FIT wb
inside plot state = wb

654.2 minutes in total for wb

nl reopen #1 loss=-0.5328277355400054
nl reopen #2 loss=-0.5328277355450854
nl reopen #3
nl reopen #4 loss=-0.5328277355451648
nl reopen #5 loss=-0.5328277355452843
nl reopen #6
nl reopen #7
nl reopen #8
nl reopen #9
nl reopen #10
DONE WITH REOPEN FIT nl
inside plot state = nl

642.9 minutes in total for nl

mn reopen #1 loss=-0.5411977369018347
mn reopen #2 loss=-0.5411977369215195
mn reopen #3
mn reopen #4
mn reopen #5
mn reopen #6
mn reopen #7
mn reopen #8
mn reopen #9
mn reopen #10
DONE WITH REOPEN FIT mn
inside plot state = mn

656.5 minutes in total for mn

as reopen #1 loss=-0.42038856165756117
as reopen #2 loss=-0.42038856165760474
as reopen #3
as reopen #4
as reopen #5
as reopen #6
as reopen #7
as reopen #8
as reopen #9
as reopen #10
DONE WITH REOPEN FIT as
inside plot state = as

661.0 minutes in total for as

ct reopen #1 loss=-0.6388288539665069
ct reopen #2
ct reopen #3
ct reopen #4 loss=-0.6388288539669197
ct reopen #5
ct reopen #6
ct reopen #7
ct reopen #8
ct reopen #9
ct reopen #10 loss=-0.6388288539669363
DONE WITH REOPEN FIT ct
inside plot state = ct

656.6 minutes in total for ct

ar reopen #1 loss=-0.6462023451952601
ar reopen #2 loss=-0.646202345201497
ar reopen #3
ar reopen #4
ar reopen #5 loss=-0.6462023452015065
ar reopen #6
ar reopen #7
ar reopen #8
ar reopen #9
ar reopen #10
DONE WITH REOPEN FIT ar
inside plot state = ar

659.7 minutes in total for ar

sk reopen #1 loss=-0.5140338821786087
sk reopen #2
sk reopen #3 loss=-0.5140338822685119
sk reopen #4
sk reopen #5
sk reopen #6
sk reopen #7
sk reopen #8
sk reopen #9
sk reopen #10
DONE WITH REOPEN FIT sk
inside plot state = sk

666.3 minutes in total for sk

la reopen #1 loss=-0.8200602296981068
la reopen #2 loss=-0.8200602297147628
la reopen #3
la reopen #4
la reopen #5
la reopen #6
la reopen #7
la reopen #8
la reopen #9
la reopen #10
DONE WITH REOPEN FIT la
inside plot state = la

671.3 minutes in total for la

ap reopen #1 loss=-0.4952347613590765
ap reopen #2 loss=-0.49523476135939914
ap reopen #3
ap reopen #4 loss=-0.49523476135942757
ap reopen #5
ap reopen #6
ap reopen #7
ap reopen #8
ap reopen #9
ap reopen #10
DONE WITH REOPEN FIT ap
inside plot state = ap

677.4 minutes in total for ap

dl reopen #1 loss=-0.7059080317476775
dl reopen #2
dl reopen #3
dl reopen #4 loss=-0.7059080317500585
dl reopen #5
dl reopen #6
dl reopen #7
dl reopen #8
dl reopen #9
dl reopen #10
DONE WITH REOPEN FIT dl
inside plot state = dl

680.1 minutes in total for dl

tg reopen #1 loss=-0.7309466205004761
tg reopen #2
tg reopen #3 loss=-0.7309845276900746
tg reopen #4
tg reopen #5 loss=-0.7309845276924671
tg reopen #6 loss=-0.730984527692615
tg reopen #7
tg reopen #8
tg reopen #9
tg reopen #10
DONE WITH REOPEN FIT tg
inside plot state = tg

677.7 minutes in total for tg

jk reopen #1 loss=-0.8808257173074333
jk reopen #2 loss=-0.8808385768486202
jk reopen #3 loss=-0.8808385768496885
jk reopen #4
jk reopen #5
jk reopen #6
jk reopen #7
jk reopen #8
jk reopen #9
jk reopen #10
DONE WITH REOPEN FIT jk
inside plot state = jk

682.9 minutes in total for jk

hr reopen #1 loss=-0.8172148493303659
hr reopen #2 loss=-0.8172148493480177
hr reopen #3 loss=-0.8172394128244143
hr reopen #4
hr reopen #5
hr reopen #6
hr reopen #7
hr reopen #8
hr reopen #9
hr reopen #10
DONE WITH REOPEN FIT hr
inside plot state = hr

683.2 minutes in total for hr

an reopen #1 loss=-0.0035331790983904043
an reopen #2
an reopen #3
an reopen #4
an reopen #5
an reopen #6
an reopen #7
an reopen #8
an reopen #9
an reopen #10
DONE WITH REOPEN FIT an
inside plot state = an

684.5 minutes in total for an

br reopen #1 loss=-0.6201847137027152
br reopen #2 loss=-0.621499999609624
br reopen #3
br reopen #4
br reopen #5
br reopen #6 loss=-0.6214999996264172
br reopen #7 loss=-0.6218125698929542
br reopen #8
br reopen #9
br reopen #10 loss=-0.621856291193832
DONE WITH REOPEN FIT br
inside plot state = br

685.5 minutes in total for br

ml reopen #1 loss=-0.3941622482295061
ml reopen #2
ml reopen #3
ml reopen #4 loss=-0.3941644114124319
ml reopen #5 loss=-0.3941644114133406
ml reopen #6
ml reopen #7
ml reopen #8
ml reopen #9
ml reopen #10
DONE WITH REOPEN FIT ml
inside plot state = ml

689.1 minutes in total for ml

ga reopen #1 loss=-0.5898773857415165
ga reopen #2 loss=-0.5898773857438742
ga reopen #3
ga reopen #4 loss=-0.5898773857444158
ga reopen #5
ga reopen #6
ga reopen #7
ga reopen #8
ga reopen #9
ga reopen #10
DONE WITH REOPEN FIT ga
inside plot state = ga

693.5 minutes in total for ga

ut reopen #1 loss=-0.6437981228848401
ut reopen #2
ut reopen #3 loss=-0.6437981228848634
ut reopen #4
ut reopen #5
ut reopen #6
ut reopen #7
ut reopen #8 loss=-0.6437981228851216
ut reopen #9
ut reopen #10
DONE WITH REOPEN FIT ut
inside plot state = ut

694.0 minutes in total for ut

tn reopen #1 loss=-0.676970652760903
tn reopen #2 loss=-0.6769706527609325
tn reopen #3
tn reopen #4 loss=-0.6769706527609366
tn reopen #5 loss=-0.676970652760938
tn reopen #6
tn reopen #7
tn reopen #8
tn reopen #9 loss=-0.6769706527609402
tn reopen #10
DONE WITH REOPEN FIT tn
inside plot state = tn

694.4 minutes in total for tn

jh reopen #1 loss=-0.7386436923344053
jh reopen #2 loss=-0.7386436926211443
jh reopen #3
jh reopen #4 loss=-0.7386436926236473
jh reopen #5 loss=-0.738643692625442
jh reopen #6
jh reopen #7
jh reopen #8
jh reopen #9
jh reopen #10
DONE WITH REOPEN FIT jh
inside plot state = jh

694.5 minutes in total for jh

mp reopen #1 loss=-0.5821735928945467
mp reopen #2 loss=-0.5821735933639337
mp reopen #3
mp reopen #4
mp reopen #5
mp reopen #6 loss=-0.5821735933687286
mp reopen #7
mp reopen #8
mp reopen #9
mp reopen #10
DONE WITH REOPEN FIT mp
inside plot state = mp

696.1 minutes in total for mp

ka reopen #1 loss=-0.4954518123193344
ka reopen #2
ka reopen #3
ka reopen #4 loss=-0.4954518123193498
ka reopen #5
ka reopen #6
ka reopen #7
ka reopen #8 loss=-0.4954518123193726
ka reopen #9
ka reopen #10
DONE WITH REOPEN FIT ka
inside plot state = ka

697.8 minutes in total for ka

gj reopen #1 loss=-0.9101364620959198
gj reopen #2
gj reopen #3 loss=-0.9101364621000242
gj reopen #4
gj reopen #5
gj reopen #6
gj reopen #7
gj reopen #8 loss=-0.9101364621041175
gj reopen #9
gj reopen #10 loss=-0.9101364621114789
DONE WITH REOPEN FIT gj
inside plot state = gj

694.9 minutes in total for gj

rj reopen #1 loss=-0.7436619289749021
rj reopen #2
rj reopen #3 loss=-0.7436619291645682
rj reopen #4
rj reopen #5
rj reopen #6
rj reopen #7
rj reopen #8
rj reopen #9
rj reopen #10
DONE WITH REOPEN FIT rj
inside plot state = rj

700.5 minutes in total for rj

hp reopen #1 loss=-0.7145057513743317
hp reopen #2 loss=-0.714505751374543
hp reopen #3 loss=-0.714505751374557
hp reopen #4 loss=-0.7145057513745928
hp reopen #5
hp reopen #6 loss=-0.7145057513746034
hp reopen #7
hp reopen #8
hp reopen #9
hp reopen #10 loss=-0.7145057513746048
DONE WITH REOPEN FIT hp
inside plot state = hp

699.5 minutes in total for hp

up reopen #1 loss=-0.302753592440919
up reopen #2
up reopen #3
up reopen #4
up reopen #5
up reopen #6
up reopen #7
up reopen #8
up reopen #9
up reopen #10
DONE WITH REOPEN FIT up
inside plot state = up

701.4 minutes in total for up

pb reopen #1 loss=-0.7456180233901177
pb reopen #2 loss=-0.7456180233914546
pb reopen #3 loss=-0.745618023391628
pb reopen #4
pb reopen #5
pb reopen #6
pb reopen #7
pb reopen #8
pb reopen #9
pb reopen #10
DONE WITH REOPEN FIT pb
inside plot state = pb

701.9 minutes in total for pb

ch reopen #1 loss=-0.497194527267643
ch reopen #2
ch reopen #3 loss=-0.49719452726997093
ch reopen #4
ch reopen #5 loss=-0.4971945272702254
ch reopen #6
ch reopen #7 loss=-0.497194527270889
ch reopen #8
ch reopen #9
ch reopen #10
DONE WITH REOPEN FIT ch
inside plot state = ch

708.2 minutes in total for ch

mh reopen #1 loss=-0.4665075477314893
mh reopen #2
mh reopen #3
mh reopen #4
mh reopen #5
mh reopen #6 loss=-0.4665075477315005
mh reopen #7
mh reopen #8
mh reopen #9 loss=-0.4665075477315448
mh reopen #10
DONE WITH REOPEN FIT mh
inside plot state = mh

709.1 minutes in total for mh

kl reopen #1 loss=-0.5795610315543749
kl reopen #2
kl reopen #3
kl reopen #4
kl reopen #5
kl reopen #6
kl reopen #7
kl reopen #8
kl reopen #9
kl reopen #10
DONE WITH REOPEN FIT kl
inside plot state = kl

724.1 minutes in total for kl

ld reopen #1 loss=-0.5094741042255304
ld reopen #2
ld reopen #3
ld reopen #4
ld reopen #5
ld reopen #6
ld reopen #7 loss=-0.5094741042277194
ld reopen #8
ld reopen #9
ld reopen #10
DONE WITH REOPEN FIT ld
inside plot state = ld

709.2 minutes in total for ld

724.094 minutes for all states ending on 2021-12-15
